{"/home/travis/build/npmtest/node-npmtest-horizon/test.js":{"path":"/home/travis/build/npmtest/node-npmtest-horizon/test.js","s":{"1":2,"2":2,"3":2,"4":2,"5":2,"6":2,"7":2,"8":1,"9":2,"10":2,"11":1,"12":1,"13":1,"14":1,"15":2,"16":2,"17":2,"18":2,"19":1,"20":1,"21":2,"22":2,"23":2,"24":1,"25":1,"26":1,"27":1,"28":1,"29":1,"30":1,"31":1,"32":1,"33":1,"34":1,"35":1,"36":1,"37":1,"38":1,"39":2,"40":2,"41":1,"42":2,"43":2,"44":1,"45":2,"46":2,"47":1,"48":2,"49":2,"50":1,"51":1,"52":1,"53":1,"54":1},"b":{"1":[2,1,1,1],"2":[1,1,1,1],"3":[1,1],"4":[1,1],"5":[1,1],"6":[1,1],"7":[1,1],"8":[1,1],"9":[1,1],"10":[1,1,1],"11":[1,1],"12":[1,1],"13":[1,1],"14":[1,1],"15":[1,1],"16":[1,1],"17":[1,1]},"f":{"1":2,"2":2,"3":2,"4":2,"5":2,"6":1,"7":1,"8":1,"9":2,"10":2,"11":2,"12":2,"13":1},"fnMap":{"1":{"name":"(anonymous_1)","line":12,"loc":{"start":{"line":12,"column":1},"end":{"line":12,"column":13}}},"2":{"name":"(anonymous_2)","line":19,"loc":{"start":{"line":19,"column":5},"end":{"line":19,"column":17}}},"3":{"name":"(anonymous_3)","line":23,"loc":{"start":{"line":23,"column":24},"end":{"line":23,"column":36}}},"4":{"name":"(anonymous_4)","line":61,"loc":{"start":{"line":61,"column":5},"end":{"line":61,"column":17}}},"5":{"name":"(anonymous_5)","line":82,"loc":{"start":{"line":82,"column":5},"end":{"line":82,"column":17}}},"6":{"name":"(anonymous_6)","line":91,"loc":{"start":{"line":91,"column":77},"end":{"line":94,"column":10}}},"7":{"name":"(anonymous_7)","line":112,"loc":{"start":{"line":112,"column":83},"end":{"line":115,"column":10}},"skip":true},"8":{"name":"(anonymous_8)","line":123,"loc":{"start":{"line":123,"column":77},"end":{"line":126,"column":10}},"skip":true},"9":{"name":"(anonymous_9)","line":139,"loc":{"start":{"line":139,"column":12},"end":{"line":139,"column":40}},"skip":true},"10":{"name":"(anonymous_10)","line":147,"loc":{"start":{"line":147,"column":77},"end":{"line":150,"column":10}},"skip":true},"11":{"name":"(anonymous_11)","line":158,"loc":{"start":{"line":158,"column":83},"end":{"line":161,"column":10}},"skip":true},"12":{"name":"(anonymous_12)","line":169,"loc":{"start":{"line":169,"column":79},"end":{"line":172,"column":10}},"skip":true},"13":{"name":"(anonymous_13)","line":180,"loc":{"start":{"line":180,"column":75},"end":{"line":183,"column":10}},"skip":true}},"statementMap":{"1":{"start":{"line":12,"column":0},"end":{"line":195,"column":5}},"2":{"start":{"line":14,"column":4},"end":{"line":14,"column":14}},"3":{"start":{"line":19,"column":4},"end":{"line":56,"column":9}},"4":{"start":{"line":21,"column":8},"end":{"line":21,"column":19}},"5":{"start":{"line":23,"column":8},"end":{"line":35,"column":13}},"6":{"start":{"line":24,"column":12},"end":{"line":34,"column":13}},"7":{"start":{"line":25,"column":16},"end":{"line":28,"column":30}},"8":{"start":{"line":30,"column":16},"end":{"line":33,"column":27}},"9":{"start":{"line":37,"column":8},"end":{"line":39,"column":21}},"10":{"start":{"line":40,"column":8},"end":{"line":53,"column":9}},"11":{"start":{"line":43,"column":12},"end":{"line":46,"column":14}},"12":{"start":{"line":47,"column":12},"end":{"line":47,"column":18}},"13":{"start":{"line":50,"column":12},"end":{"line":51,"column":46}},"14":{"start":{"line":52,"column":12},"end":{"line":52,"column":18}},"15":{"start":{"line":55,"column":8},"end":{"line":55,"column":35}},"16":{"start":{"line":61,"column":4},"end":{"line":63,"column":9}},"17":{"start":{"line":62,"column":8},"end":{"line":62,"column":15}},"18":{"start":{"line":64,"column":4},"end":{"line":77,"column":5}},"19":{"start":{"line":70,"column":8},"end":{"line":70,"column":14}},"20":{"start":{"line":76,"column":8},"end":{"line":76,"column":14}},"21":{"start":{"line":82,"column":4},"end":{"line":84,"column":9}},"22":{"start":{"line":83,"column":8},"end":{"line":83,"column":15}},"23":{"start":{"line":85,"column":4},"end":{"line":194,"column":5}},"24":{"start":{"line":91,"column":8},"end":{"line":99,"column":10}},"25":{"start":{"line":98,"column":12},"end":{"line":98,"column":35}},"26":{"start":{"line":102,"column":8},"end":{"line":104,"column":63}},"27":{"start":{"line":105,"column":8},"end":{"line":105,"column":14}},"28":{"start":{"line":112,"column":8},"end":{"line":121,"column":10},"skip":true},"29":{"start":{"line":119,"column":12},"end":{"line":119,"column":55},"skip":true},"30":{"start":{"line":120,"column":12},"end":{"line":120,"column":48},"skip":true},"31":{"start":{"line":123,"column":8},"end":{"line":136,"column":10},"skip":true},"32":{"start":{"line":130,"column":12},"end":{"line":130,"column":76},"skip":true},"33":{"start":{"line":131,"column":12},"end":{"line":131,"column":73},"skip":true},"34":{"start":{"line":132,"column":12},"end":{"line":132,"column":74},"skip":true},"35":{"start":{"line":133,"column":12},"end":{"line":133,"column":79},"skip":true},"36":{"start":{"line":134,"column":12},"end":{"line":134,"column":25},"skip":true},"37":{"start":{"line":135,"column":12},"end":{"line":135,"column":45},"skip":true},"38":{"start":{"line":138,"column":8},"end":{"line":145,"column":14},"skip":true},"39":{"start":{"line":143,"column":16},"end":{"line":143,"column":29},"skip":true},"40":{"start":{"line":144,"column":16},"end":{"line":144,"column":55},"skip":true},"41":{"start":{"line":147,"column":8},"end":{"line":156,"column":10},"skip":true},"42":{"start":{"line":154,"column":12},"end":{"line":154,"column":25},"skip":true},"43":{"start":{"line":155,"column":12},"end":{"line":155,"column":45},"skip":true},"44":{"start":{"line":158,"column":8},"end":{"line":167,"column":10},"skip":true},"45":{"start":{"line":165,"column":12},"end":{"line":165,"column":25},"skip":true},"46":{"start":{"line":166,"column":12},"end":{"line":166,"column":48},"skip":true},"47":{"start":{"line":169,"column":8},"end":{"line":178,"column":10},"skip":true},"48":{"start":{"line":176,"column":12},"end":{"line":176,"column":25},"skip":true},"49":{"start":{"line":177,"column":12},"end":{"line":177,"column":46},"skip":true},"50":{"start":{"line":180,"column":8},"end":{"line":189,"column":10},"skip":true},"51":{"start":{"line":187,"column":12},"end":{"line":187,"column":94},"skip":true},"52":{"start":{"line":188,"column":12},"end":{"line":188,"column":48},"skip":true},"53":{"start":{"line":192,"column":8},"end":{"line":192,"column":35},"skip":true},"54":{"start":{"line":193,"column":8},"end":{"line":193,"column":14},"skip":true}},"branchMap":{"1":{"line":25,"type":"binary-expr","locations":[{"start":{"line":25,"column":23},"end":{"line":25,"column":62}},{"start":{"line":26,"column":20},"end":{"line":26,"column":70}},{"start":{"line":27,"column":20},"end":{"line":27,"column":71}},{"start":{"line":28,"column":20},"end":{"line":28,"column":29}}]},"2":{"line":30,"type":"binary-expr","locations":[{"start":{"line":30,"column":23},"end":{"line":30,"column":37}},{"start":{"line":31,"column":20},"end":{"line":31,"column":61}},{"start":{"line":32,"column":20},"end":{"line":32,"column":70}},{"start":{"line":33,"column":20},"end":{"line":33,"column":26}}]},"3":{"line":37,"type":"cond-expr","locations":[{"start":{"line":38,"column":14},"end":{"line":38,"column":20}},{"start":{"line":39,"column":14},"end":{"line":39,"column":20}}]},"4":{"line":40,"type":"switch","locations":[{"start":{"line":42,"column":8},"end":{"line":47,"column":18}},{"start":{"line":49,"column":8},"end":{"line":52,"column":18}}]},"5":{"line":44,"type":"binary-expr","locations":[{"start":{"line":44,"column":16},"end":{"line":44,"column":44}},{"start":{"line":44,"column":48},"end":{"line":44,"column":66}}]},"6":{"line":50,"type":"binary-expr","locations":[{"start":{"line":50,"column":21},"end":{"line":50,"column":49}},{"start":{"line":50,"column":53},"end":{"line":50,"column":72}}]},"7":{"line":64,"type":"switch","locations":[{"start":{"line":69,"column":4},"end":{"line":70,"column":14}},{"start":{"line":75,"column":4},"end":{"line":76,"column":14}}]},"8":{"line":85,"type":"switch","locations":[{"start":{"line":90,"column":4},"end":{"line":105,"column":14}},{"start":{"line":111,"column":4},"end":{"line":193,"column":14},"skip":true}]},"9":{"line":91,"type":"binary-expr","locations":[{"start":{"line":91,"column":42},"end":{"line":91,"column":73}},{"start":{"line":91,"column":77},"end":{"line":99,"column":9}}]},"10":{"line":102,"type":"binary-expr","locations":[{"start":{"line":102,"column":18},"end":{"line":102,"column":32}},{"start":{"line":103,"column":12},"end":{"line":103,"column":53}},{"start":{"line":104,"column":12},"end":{"line":104,"column":61}}]},"11":{"line":112,"type":"binary-expr","locations":[{"start":{"line":112,"column":45},"end":{"line":112,"column":79},"skip":true},{"start":{"line":112,"column":83},"end":{"line":121,"column":9},"skip":true}]},"12":{"line":123,"type":"binary-expr","locations":[{"start":{"line":123,"column":42},"end":{"line":123,"column":73},"skip":true},{"start":{"line":123,"column":77},"end":{"line":136,"column":9},"skip":true}]},"13":{"line":138,"type":"binary-expr","locations":[{"start":{"line":138,"column":48},"end":{"line":138,"column":85},"skip":true},{"start":{"line":139,"column":12},"end":{"line":145,"column":13},"skip":true}]},"14":{"line":147,"type":"binary-expr","locations":[{"start":{"line":147,"column":42},"end":{"line":147,"column":73},"skip":true},{"start":{"line":147,"column":77},"end":{"line":156,"column":9},"skip":true}]},"15":{"line":158,"type":"binary-expr","locations":[{"start":{"line":158,"column":45},"end":{"line":158,"column":79},"skip":true},{"start":{"line":158,"column":83},"end":{"line":167,"column":9},"skip":true}]},"16":{"line":169,"type":"binary-expr","locations":[{"start":{"line":169,"column":43},"end":{"line":169,"column":75},"skip":true},{"start":{"line":169,"column":79},"end":{"line":178,"column":9},"skip":true}]},"17":{"line":180,"type":"binary-expr","locations":[{"start":{"line":180,"column":41},"end":{"line":180,"column":71},"skip":true},{"start":{"line":180,"column":75},"end":{"line":189,"column":9},"skip":true}]}},"code":["/* istanbul instrument in package npmtest_horizon */","/*jslint","    bitwise: true,","    browser: true,","    maxerr: 8,","    maxlen: 96,","    node: true,","    nomen: true,","    regexp: true,","    stupid: true","*/","(function () {","    'use strict';","    var local;","","","","    // run shared js-env code - pre-init","    (function () {","        // init local","        local = {};","        // init modeJs","        local.modeJs = (function () {","            try {","                return typeof navigator.userAgent === 'string' &&","                    typeof document.querySelector('body') === 'object' &&","                    typeof XMLHttpRequest.prototype.open === 'function' &&","                    'browser';","            } catch (errorCaughtBrowser) {","                return module.exports &&","                    typeof process.versions.node === 'string' &&","                    typeof require('http').createServer === 'function' &&","                    'node';","            }","        }());","        // init global","        local.global = local.modeJs === 'browser'","            ? window","            : global;","        switch (local.modeJs) {","        // re-init local from window.local","        case 'browser':","            local = local.global.utility2.objectSetDefault(","                local.global.utility2_rollup || local.global.local,","                local.global.utility2","            );","            break;","        // re-init local from example.js","        case 'node':","            local = (local.global.utility2_rollup || require('utility2'))","                .requireExampleJsFromReadme();","            break;","        }","        // export local","        local.global.local = local;","    }());","","","","    // run shared js-env code - function","    (function () {","        return;","    }());","    switch (local.modeJs) {","","","","    // run browser js-env code - function","    case 'browser':","        break;","","","","    // run node js-env code - function","    case 'node':","        break;","    }","","","","    // run shared js-env code - post-init","    (function () {","        return;","    }());","    switch (local.modeJs) {","","","","    // run browser js-env code - post-init","    case 'browser':","        local.testCase_browser_nullCase = local.testCase_browser_nullCase || function (","            options,","            onError","        ) {","        /*","         * this function will test browsers's null-case handling-behavior-behavior","         */","            onError(null, options);","        };","","        // run tests","        local.nop(local.modeTest &&","            document.querySelector('#testRunButton1') &&","            document.querySelector('#testRunButton1').click());","        break;","","","","    // run node js-env code - post-init","    /* istanbul ignore next */","    case 'node':","        local.testCase_buildApidoc_default = local.testCase_buildApidoc_default || function (","            options,","            onError","        ) {","        /*","         * this function will test buildApidoc's default handling-behavior-behavior","         */","            options = { modulePathList: module.paths };","            local.buildApidoc(options, onError);","        };","","        local.testCase_buildApp_default = local.testCase_buildApp_default || function (","            options,","            onError","        ) {","        /*","         * this function will test buildApp's default handling-behavior-behavior","         */","            local.testCase_buildReadme_default(options, local.onErrorThrow);","            local.testCase_buildLib_default(options, local.onErrorThrow);","            local.testCase_buildTest_default(options, local.onErrorThrow);","            local.testCase_buildCustomOrg_default(options, local.onErrorThrow);","            options = [];","            local.buildApp(options, onError);","        };","","        local.testCase_buildCustomOrg_default = local.testCase_buildCustomOrg_default ||","            function (options, onError) {","            /*","             * this function will test buildCustomOrg's default handling-behavior","             */","                options = {};","                local.buildCustomOrg(options, onError);","            };","","        local.testCase_buildLib_default = local.testCase_buildLib_default || function (","            options,","            onError","        ) {","        /*","         * this function will test buildLib's default handling-behavior","         */","            options = {};","            local.buildLib(options, onError);","        };","","        local.testCase_buildReadme_default = local.testCase_buildReadme_default || function (","            options,","            onError","        ) {","        /*","         * this function will test buildReadme's default handling-behavior-behavior","         */","            options = {};","            local.buildReadme(options, onError);","        };","","        local.testCase_buildTest_default = local.testCase_buildTest_default || function (","            options,","            onError","        ) {","        /*","         * this function will test buildTest's default handling-behavior","         */","            options = {};","            local.buildTest(options, onError);","        };","","        local.testCase_webpage_default = local.testCase_webpage_default || function (","            options,","            onError","        ) {","        /*","         * this function will test webpage's default handling-behavior","         */","            options = { modeCoverageMerge: true, url: local.serverLocalHost + '?modeTest=1' };","            local.browserTest(options, onError);","        };","","        // run test-server","        local.testRunServer(local);","        break;","    }","}());",""],"l":{"12":2,"14":2,"19":2,"21":2,"23":2,"24":2,"25":2,"30":1,"37":2,"40":2,"43":1,"47":1,"50":1,"52":1,"55":2,"61":2,"62":2,"64":2,"70":1,"76":1,"82":2,"83":2,"85":2,"91":1,"98":1,"102":1,"105":1,"112":1,"119":1,"120":1,"123":1,"130":1,"131":1,"132":1,"133":1,"134":1,"135":1,"138":1,"143":2,"144":2,"147":1,"154":2,"155":2,"158":1,"165":2,"166":2,"169":1,"176":2,"177":2,"180":1,"187":1,"188":1,"192":1,"193":1}},"/home/travis/build/npmtest/node-npmtest-horizon/lib.npmtest_horizon.js":{"path":"/home/travis/build/npmtest/node-npmtest-horizon/lib.npmtest_horizon.js","s":{"1":2,"2":2,"3":2,"4":2,"5":2,"6":2,"7":2,"8":1,"9":2,"10":2,"11":2,"12":2,"13":1,"14":1,"15":1,"16":1},"b":{"1":[2,1,1,1],"2":[1,1,1,1],"3":[1,1],"4":[2,2],"5":[1,1]},"f":{"1":2,"2":2,"3":2},"fnMap":{"1":{"name":"(anonymous_1)","line":12,"loc":{"start":{"line":12,"column":1},"end":{"line":12,"column":13}}},"2":{"name":"(anonymous_2)","line":19,"loc":{"start":{"line":19,"column":5},"end":{"line":19,"column":17}}},"3":{"name":"(anonymous_3)","line":23,"loc":{"start":{"line":23,"column":24},"end":{"line":23,"column":36}}}},"statementMap":{"1":{"start":{"line":12,"column":0},"end":{"line":53,"column":5}},"2":{"start":{"line":14,"column":4},"end":{"line":14,"column":14}},"3":{"start":{"line":19,"column":4},"end":{"line":52,"column":9}},"4":{"start":{"line":21,"column":8},"end":{"line":21,"column":19}},"5":{"start":{"line":23,"column":8},"end":{"line":35,"column":13}},"6":{"start":{"line":24,"column":12},"end":{"line":34,"column":13}},"7":{"start":{"line":25,"column":16},"end":{"line":28,"column":30}},"8":{"start":{"line":30,"column":16},"end":{"line":33,"column":27}},"9":{"start":{"line":37,"column":8},"end":{"line":39,"column":21}},"10":{"start":{"line":41,"column":8},"end":{"line":41,"column":54}},"11":{"start":{"line":43,"column":8},"end":{"line":43,"column":52}},"12":{"start":{"line":45,"column":8},"end":{"line":51,"column":9}},"13":{"start":{"line":46,"column":12},"end":{"line":46,"column":58}},"14":{"start":{"line":48,"column":12},"end":{"line":48,"column":35}},"15":{"start":{"line":49,"column":12},"end":{"line":49,"column":49}},"16":{"start":{"line":50,"column":12},"end":{"line":50,"column":43}}},"branchMap":{"1":{"line":25,"type":"binary-expr","locations":[{"start":{"line":25,"column":23},"end":{"line":25,"column":62}},{"start":{"line":26,"column":20},"end":{"line":26,"column":70}},{"start":{"line":27,"column":20},"end":{"line":27,"column":71}},{"start":{"line":28,"column":20},"end":{"line":28,"column":29}}]},"2":{"line":30,"type":"binary-expr","locations":[{"start":{"line":30,"column":23},"end":{"line":30,"column":37}},{"start":{"line":31,"column":20},"end":{"line":31,"column":61}},{"start":{"line":32,"column":20},"end":{"line":32,"column":70}},{"start":{"line":33,"column":20},"end":{"line":33,"column":26}}]},"3":{"line":37,"type":"cond-expr","locations":[{"start":{"line":38,"column":14},"end":{"line":38,"column":20}},{"start":{"line":39,"column":14},"end":{"line":39,"column":20}}]},"4":{"line":41,"type":"binary-expr","locations":[{"start":{"line":41,"column":16},"end":{"line":41,"column":44}},{"start":{"line":41,"column":48},"end":{"line":41,"column":53}}]},"5":{"line":45,"type":"if","locations":[{"start":{"line":45,"column":8},"end":{"line":45,"column":8}},{"start":{"line":45,"column":8},"end":{"line":45,"column":8}}]}},"code":["/* istanbul instrument in package npmtest_horizon */","/*jslint","    bitwise: true,","    browser: true,","    maxerr: 8,","    maxlen: 96,","    node: true,","    nomen: true,","    regexp: true,","    stupid: true","*/","(function () {","    'use strict';","    var local;","","","","    // run shared js-env code - pre-init","    (function () {","        // init local","        local = {};","        // init modeJs","        local.modeJs = (function () {","            try {","                return typeof navigator.userAgent === 'string' &&","                    typeof document.querySelector('body') === 'object' &&","                    typeof XMLHttpRequest.prototype.open === 'function' &&","                    'browser';","            } catch (errorCaughtBrowser) {","                return module.exports &&","                    typeof process.versions.node === 'string' &&","                    typeof require('http').createServer === 'function' &&","                    'node';","            }","        }());","        // init global","        local.global = local.modeJs === 'browser'","            ? window","            : global;","        // init utility2_rollup","        local = local.global.utility2_rollup || local;","        // init lib","        local.local = local.npmtest_horizon = local;","        // init exports","        if (local.modeJs === 'browser') {","            local.global.utility2_npmtest_horizon = local;","        } else {","            module.exports = local;","            module.exports.__dirname = __dirname;","            module.exports.module = module;","        }","    }());","}());",""],"l":{"12":2,"14":2,"19":2,"21":2,"23":2,"24":2,"25":2,"30":1,"37":2,"41":2,"43":2,"45":2,"46":1,"48":1,"49":1,"50":1}},"/home/travis/build/npmtest/node-npmtest-horizon/example.js":{"path":"/home/travis/build/npmtest/node-npmtest-horizon/example.js","s":{"1":2,"2":2,"3":2,"4":2,"5":2,"6":2,"7":2,"8":1,"9":2,"10":2,"11":2,"12":2,"13":1,"14":2,"15":2,"16":2,"17":2,"18":2,"19":0,"20":2,"21":1,"22":1,"23":1,"24":1,"25":1,"26":0,"27":0,"28":1,"29":1,"30":2,"31":0,"32":0,"33":0,"34":1,"35":2,"36":2,"37":3,"38":3,"39":3,"40":3,"41":0,"42":3,"43":3,"44":3,"45":1,"46":3,"47":1,"48":1,"49":1,"50":1,"51":1,"52":1,"53":1,"54":1,"55":1,"56":1,"57":0,"58":1,"59":6,"60":6,"61":1,"62":2,"63":0,"64":2,"65":1,"66":1,"67":0,"68":0,"69":0,"70":0,"71":0,"72":0,"73":0,"74":0,"75":0,"76":0,"77":0,"78":0,"79":0,"80":0,"81":0,"82":0,"83":0},"b":{"1":[2,1,1,1],"2":[1,1,1,1],"3":[1,1],"4":[2,2],"5":[1,1],"6":[1,1],"7":[2,0],"8":[2,1,1,1,1,1],"9":[0,2,0],"10":[1,1],"11":[2,1,1],"12":[1,0],"13":[0,2],"14":[2,0,0,0,0,0,0],"15":[0,3],"16":[3,0],"17":[1,1],"18":[0,1],"19":[1,2,0,2],"20":[1,0],"21":[1,1],"22":[0,0],"23":[0,0],"24":[0,0],"25":[0,0],"26":[0,0],"27":[0,0],"28":[0,0]},"f":{"1":2,"2":2,"3":2,"4":2,"5":2,"6":2,"7":3,"8":3,"9":3,"10":1,"11":6,"12":0},"fnMap":{"1":{"name":"(anonymous_1)","line":26,"loc":{"start":{"line":26,"column":1},"end":{"line":26,"column":13}}},"2":{"name":"(anonymous_2)","line":33,"loc":{"start":{"line":33,"column":5},"end":{"line":33,"column":17}}},"3":{"name":"(anonymous_3)","line":37,"loc":{"start":{"line":37,"column":24},"end":{"line":37,"column":36}}},"4":{"name":"(anonymous_4)","line":69,"loc":{"start":{"line":69,"column":31},"end":{"line":69,"column":48}},"skip":true},"5":{"name":"(anonymous_5)","line":78,"loc":{"start":{"line":78,"column":26},"end":{"line":78,"column":45}},"skip":true},"6":{"name":"(anonymous_6)","line":123,"loc":{"start":{"line":123,"column":33},"end":{"line":123,"column":48}},"skip":true},"7":{"name":"(anonymous_7)","line":125,"loc":{"start":{"line":125,"column":27},"end":{"line":125,"column":39}},"skip":true},"8":{"name":"(anonymous_8)","line":133,"loc":{"start":{"line":133,"column":59},"end":{"line":133,"column":74}},"skip":true},"9":{"name":"(anonymous_9)","line":143,"loc":{"start":{"line":143,"column":45},"end":{"line":143,"column":62}},"skip":true},"10":{"name":"(anonymous_10)","line":144,"loc":{"start":{"line":144,"column":73},"end":{"line":144,"column":92}},"skip":true},"11":{"name":"(anonymous_11)","line":272,"loc":{"start":{"line":272,"column":51},"end":{"line":272,"column":77}},"skip":true},"12":{"name":"(anonymous_12)","line":315,"loc":{"start":{"line":315,"column":32},"end":{"line":315,"column":61}},"skip":true}},"statementMap":{"1":{"start":{"line":26,"column":0},"end":{"line":326,"column":5}},"2":{"start":{"line":28,"column":4},"end":{"line":28,"column":14}},"3":{"start":{"line":33,"column":4},"end":{"line":60,"column":9}},"4":{"start":{"line":35,"column":8},"end":{"line":35,"column":19}},"5":{"start":{"line":37,"column":8},"end":{"line":49,"column":13}},"6":{"start":{"line":38,"column":12},"end":{"line":48,"column":13}},"7":{"start":{"line":39,"column":16},"end":{"line":42,"column":30}},"8":{"start":{"line":44,"column":16},"end":{"line":47,"column":27}},"9":{"start":{"line":51,"column":8},"end":{"line":53,"column":21}},"10":{"start":{"line":55,"column":8},"end":{"line":57,"column":45}},"11":{"start":{"line":59,"column":8},"end":{"line":59,"column":35}},"12":{"start":{"line":61,"column":4},"end":{"line":325,"column":5}},"13":{"start":{"line":69,"column":8},"end":{"line":121,"column":10},"skip":true},"14":{"start":{"line":70,"column":12},"end":{"line":88,"column":13},"skip":true},"15":{"start":{"line":76,"column":16},"end":{"line":87,"column":19},"skip":true},"16":{"start":{"line":79,"column":20},"end":{"line":86,"column":21},"skip":true},"17":{"start":{"line":82,"column":24},"end":{"line":82,"column":43},"skip":true},"18":{"start":{"line":83,"column":24},"end":{"line":83,"column":30},"skip":true},"19":{"start":{"line":85,"column":24},"end":{"line":85,"column":49},"skip":true},"20":{"start":{"line":89,"column":12},"end":{"line":107,"column":13},"skip":true},"21":{"start":{"line":92,"column":16},"end":{"line":102,"column":17},"skip":true},"22":{"start":{"line":93,"column":20},"end":{"line":93,"column":86},"skip":true},"23":{"start":{"line":94,"column":20},"end":{"line":95,"column":45},"skip":true},"24":{"start":{"line":96,"column":20},"end":{"line":96,"column":42},"skip":true},"25":{"start":{"line":97,"column":20},"end":{"line":97,"column":48},"skip":true},"26":{"start":{"line":100,"column":20},"end":{"line":100,"column":85},"skip":true},"27":{"start":{"line":101,"column":20},"end":{"line":101,"column":96},"skip":true},"28":{"start":{"line":103,"column":16},"end":{"line":103,"column":22},"skip":true},"29":{"start":{"line":106,"column":16},"end":{"line":106,"column":22},"skip":true},"30":{"start":{"line":108,"column":12},"end":{"line":120,"column":13},"skip":true},"31":{"start":{"line":114,"column":16},"end":{"line":119,"column":17},"skip":true},"32":{"start":{"line":116,"column":20},"end":{"line":116,"column":78},"skip":true},"33":{"start":{"line":118,"column":20},"end":{"line":118,"column":47},"skip":true},"34":{"start":{"line":123,"column":8},"end":{"line":141,"column":11},"skip":true},"35":{"start":{"line":124,"column":12},"end":{"line":124,"column":54},"skip":true},"36":{"start":{"line":125,"column":12},"end":{"line":140,"column":14},"skip":true},"37":{"start":{"line":126,"column":16},"end":{"line":126,"column":28},"skip":true},"38":{"start":{"line":127,"column":16},"end":{"line":127,"column":69},"skip":true},"39":{"start":{"line":128,"column":16},"end":{"line":128,"column":75},"skip":true},"40":{"start":{"line":129,"column":16},"end":{"line":131,"column":17},"skip":true},"41":{"start":{"line":130,"column":20},"end":{"line":130,"column":27},"skip":true},"42":{"start":{"line":133,"column":16},"end":{"line":137,"column":36},"skip":true},"43":{"start":{"line":134,"column":20},"end":{"line":136,"column":55},"skip":true},"44":{"start":{"line":139,"column":16},"end":{"line":139,"column":57},"skip":true},"45":{"start":{"line":143,"column":8},"end":{"line":147,"column":11},"skip":true},"46":{"start":{"line":144,"column":12},"end":{"line":146,"column":15},"skip":true},"47":{"start":{"line":145,"column":16},"end":{"line":145,"column":70},"skip":true},"48":{"start":{"line":149,"column":8},"end":{"line":149,"column":31},"skip":true},"49":{"start":{"line":150,"column":8},"end":{"line":150,"column":14},"skip":true},"50":{"start":{"line":158,"column":8},"end":{"line":158,"column":31},"skip":true},"51":{"start":{"line":160,"column":8},"end":{"line":160,"column":33},"skip":true},"52":{"start":{"line":161,"column":8},"end":{"line":161,"column":37},"skip":true},"53":{"start":{"line":162,"column":8},"end":{"line":162,"column":35},"skip":true},"54":{"start":{"line":164,"column":8},"end":{"line":164,"column":50},"skip":true},"55":{"start":{"line":166,"column":8},"end":{"line":256,"column":2},"skip":true},"56":{"start":{"line":258,"column":8},"end":{"line":286,"column":9},"skip":true},"57":{"start":{"line":259,"column":12},"end":{"line":269,"column":14},"skip":true},"58":{"start":{"line":271,"column":12},"end":{"line":285,"column":19},"skip":true},"59":{"start":{"line":274,"column":20},"end":{"line":274,"column":35},"skip":true},"60":{"start":{"line":275,"column":20},"end":{"line":284,"column":21},"skip":true},"61":{"start":{"line":277,"column":24},"end":{"line":277,"column":64},"skip":true},"62":{"start":{"line":279,"column":24},"end":{"line":279,"column":40},"skip":true},"63":{"start":{"line":281,"column":24},"end":{"line":281,"column":40},"skip":true},"64":{"start":{"line":283,"column":24},"end":{"line":283,"column":39},"skip":true},"65":{"start":{"line":288,"column":8},"end":{"line":290,"column":9},"skip":true},"66":{"start":{"line":289,"column":12},"end":{"line":289,"column":18},"skip":true},"67":{"start":{"line":291,"column":8},"end":{"line":293,"column":54},"skip":true},"68":{"start":{"line":296,"column":8},"end":{"line":301,"column":37},"skip":true},"69":{"start":{"line":303,"column":8},"end":{"line":303,"column":82},"skip":true},"70":{"start":{"line":306,"column":8},"end":{"line":308,"column":9},"skip":true},"71":{"start":{"line":307,"column":12},"end":{"line":307,"column":82},"skip":true},"72":{"start":{"line":310,"column":8},"end":{"line":312,"column":9},"skip":true},"73":{"start":{"line":311,"column":12},"end":{"line":311,"column":18},"skip":true},"74":{"start":{"line":313,"column":8},"end":{"line":313,"column":54},"skip":true},"75":{"start":{"line":314,"column":8},"end":{"line":314,"column":69},"skip":true},"76":{"start":{"line":315,"column":8},"end":{"line":323,"column":36},"skip":true},"77":{"start":{"line":316,"column":12},"end":{"line":316,"column":61},"skip":true},"78":{"start":{"line":317,"column":12},"end":{"line":320,"column":13},"skip":true},"79":{"start":{"line":318,"column":16},"end":{"line":318,"column":75},"skip":true},"80":{"start":{"line":319,"column":16},"end":{"line":319,"column":23},"skip":true},"81":{"start":{"line":321,"column":12},"end":{"line":321,"column":38},"skip":true},"82":{"start":{"line":322,"column":12},"end":{"line":322,"column":27},"skip":true},"83":{"start":{"line":324,"column":8},"end":{"line":324,"column":14},"skip":true}},"branchMap":{"1":{"line":39,"type":"binary-expr","locations":[{"start":{"line":39,"column":23},"end":{"line":39,"column":62}},{"start":{"line":40,"column":20},"end":{"line":40,"column":70}},{"start":{"line":41,"column":20},"end":{"line":41,"column":71}},{"start":{"line":42,"column":20},"end":{"line":42,"column":29}}]},"2":{"line":44,"type":"binary-expr","locations":[{"start":{"line":44,"column":23},"end":{"line":44,"column":37}},{"start":{"line":45,"column":20},"end":{"line":45,"column":61}},{"start":{"line":46,"column":20},"end":{"line":46,"column":70}},{"start":{"line":47,"column":20},"end":{"line":47,"column":26}}]},"3":{"line":51,"type":"cond-expr","locations":[{"start":{"line":52,"column":14},"end":{"line":52,"column":20}},{"start":{"line":53,"column":14},"end":{"line":53,"column":20}}]},"4":{"line":55,"type":"binary-expr","locations":[{"start":{"line":55,"column":16},"end":{"line":55,"column":44}},{"start":{"line":55,"column":49},"end":{"line":57,"column":43}}]},"5":{"line":55,"type":"cond-expr","locations":[{"start":{"line":56,"column":14},"end":{"line":56,"column":51}},{"start":{"line":57,"column":14},"end":{"line":57,"column":43}}]},"6":{"line":61,"type":"switch","locations":[{"start":{"line":68,"column":4},"end":{"line":150,"column":14},"skip":true},{"start":{"line":156,"column":4},"end":{"line":324,"column":14},"skip":true}]},"7":{"line":70,"type":"if","locations":[{"start":{"line":70,"column":12},"end":{"line":70,"column":12},"skip":true},{"start":{"line":70,"column":12},"end":{"line":70,"column":12},"skip":true}]},"8":{"line":70,"type":"binary-expr","locations":[{"start":{"line":70,"column":16},"end":{"line":70,"column":22},"skip":true},{"start":{"line":70,"column":27},"end":{"line":70,"column":32},"skip":true},{"start":{"line":71,"column":20},"end":{"line":71,"column":39},"skip":true},{"start":{"line":72,"column":20},"end":{"line":72,"column":49},"skip":true},{"start":{"line":73,"column":20},"end":{"line":73,"column":58},"skip":true},{"start":{"line":74,"column":20},"end":{"line":74,"column":69},"skip":true}]},"9":{"line":79,"type":"switch","locations":[{"start":{"line":80,"column":20},"end":{"line":80,"column":33},"skip":true},{"start":{"line":81,"column":20},"end":{"line":83,"column":30},"skip":true},{"start":{"line":84,"column":20},"end":{"line":85,"column":49},"skip":true}]},"10":{"line":89,"type":"switch","locations":[{"start":{"line":90,"column":12},"end":{"line":103,"column":22},"skip":true},{"start":{"line":105,"column":12},"end":{"line":106,"column":22},"skip":true}]},"11":{"line":89,"type":"binary-expr","locations":[{"start":{"line":89,"column":20},"end":{"line":89,"column":25},"skip":true},{"start":{"line":89,"column":29},"end":{"line":89,"column":48},"skip":true},{"start":{"line":89,"column":52},"end":{"line":89,"column":74},"skip":true}]},"12":{"line":92,"type":"if","locations":[{"start":{"line":92,"column":16},"end":{"line":92,"column":16},"skip":true},{"start":{"line":92,"column":16},"end":{"line":92,"column":16},"skip":true}]},"13":{"line":108,"type":"if","locations":[{"start":{"line":108,"column":12},"end":{"line":108,"column":12},"skip":true},{"start":{"line":108,"column":12},"end":{"line":108,"column":12},"skip":true}]},"14":{"line":108,"type":"binary-expr","locations":[{"start":{"line":108,"column":16},"end":{"line":108,"column":61},"skip":true},{"start":{"line":108,"column":66},"end":{"line":108,"column":72},"skip":true},{"start":{"line":108,"column":77},"end":{"line":108,"column":82},"skip":true},{"start":{"line":109,"column":20},"end":{"line":109,"column":39},"skip":true},{"start":{"line":110,"column":20},"end":{"line":110,"column":49},"skip":true},{"start":{"line":111,"column":20},"end":{"line":111,"column":58},"skip":true},{"start":{"line":112,"column":20},"end":{"line":112,"column":68},"skip":true}]},"15":{"line":129,"type":"if","locations":[{"start":{"line":129,"column":16},"end":{"line":129,"column":16},"skip":true},{"start":{"line":129,"column":16},"end":{"line":129,"column":16},"skip":true}]},"16":{"line":134,"type":"cond-expr","locations":[{"start":{"line":135,"column":26},"end":{"line":135,"column":29},"skip":true},{"start":{"line":136,"column":26},"end":{"line":136,"column":54},"skip":true}]},"17":{"line":164,"type":"binary-expr","locations":[{"start":{"line":164,"column":27},"end":{"line":164,"column":43},"skip":true},{"start":{"line":164,"column":47},"end":{"line":164,"column":49},"skip":true}]},"18":{"line":258,"type":"if","locations":[{"start":{"line":258,"column":8},"end":{"line":258,"column":8},"skip":true},{"start":{"line":258,"column":8},"end":{"line":258,"column":8},"skip":true}]},"19":{"line":275,"type":"switch","locations":[{"start":{"line":276,"column":20},"end":{"line":277,"column":64},"skip":true},{"start":{"line":278,"column":20},"end":{"line":279,"column":40},"skip":true},{"start":{"line":280,"column":20},"end":{"line":281,"column":40},"skip":true},{"start":{"line":282,"column":20},"end":{"line":283,"column":39},"skip":true}]},"20":{"line":288,"type":"if","locations":[{"start":{"line":288,"column":8},"end":{"line":288,"column":8},"skip":true},{"start":{"line":288,"column":8},"end":{"line":288,"column":8},"skip":true}]},"21":{"line":288,"type":"binary-expr","locations":[{"start":{"line":288,"column":12},"end":{"line":288,"column":40},"skip":true},{"start":{"line":288,"column":44},"end":{"line":288,"column":67},"skip":true}]},"22":{"line":292,"type":"binary-expr","locations":[{"start":{"line":292,"column":12},"end":{"line":292,"column":50},"skip":true},{"start":{"line":293,"column":12},"end":{"line":293,"column":53},"skip":true}]},"23":{"line":297,"type":"binary-expr","locations":[{"start":{"line":297,"column":12},"end":{"line":297,"column":65},"skip":true},{"start":{"line":298,"column":12},"end":{"line":301,"column":36},"skip":true}]},"24":{"line":303,"type":"binary-expr","locations":[{"start":{"line":303,"column":43},"end":{"line":303,"column":75},"skip":true},{"start":{"line":303,"column":79},"end":{"line":303,"column":81},"skip":true}]},"25":{"line":306,"type":"if","locations":[{"start":{"line":306,"column":8},"end":{"line":306,"column":8},"skip":true},{"start":{"line":306,"column":8},"end":{"line":306,"column":8},"skip":true}]},"26":{"line":310,"type":"if","locations":[{"start":{"line":310,"column":8},"end":{"line":310,"column":8},"skip":true},{"start":{"line":310,"column":8},"end":{"line":310,"column":8},"skip":true}]},"27":{"line":313,"type":"binary-expr","locations":[{"start":{"line":313,"column":27},"end":{"line":313,"column":43},"skip":true},{"start":{"line":313,"column":47},"end":{"line":313,"column":53},"skip":true}]},"28":{"line":317,"type":"if","locations":[{"start":{"line":317,"column":12},"end":{"line":317,"column":12},"skip":true},{"start":{"line":317,"column":12},"end":{"line":317,"column":12},"skip":true}]}},"code":["/*","example.js","","quickstart example","","instruction","    1. save this script as example.js","    2. run the shell command:","        $ npm install npmtest-horizon && PORT=8081 node example.js","    3. play with the browser-demo on http://127.0.0.1:8081","*/","","","","/* istanbul instrument in package npmtest_horizon */","/*jslint","    bitwise: true,","    browser: true,","    maxerr: 8,","    maxlen: 96,","    node: true,","    nomen: true,","    regexp: true,","    stupid: true","*/","(function () {","    'use strict';","    var local;","","","","    // run shared js-env code - pre-init","    (function () {","        // init local","        local = {};","        // init modeJs","        local.modeJs = (function () {","            try {","                return typeof navigator.userAgent === 'string' &&","                    typeof document.querySelector('body') === 'object' &&","                    typeof XMLHttpRequest.prototype.open === 'function' &&","                    'browser';","            } catch (errorCaughtBrowser) {","                return module.exports &&","                    typeof process.versions.node === 'string' &&","                    typeof require('http').createServer === 'function' &&","                    'node';","            }","        }());","        // init global","        local.global = local.modeJs === 'browser'","            ? window","            : global;","        // init utility2_rollup","        local = local.global.utility2_rollup || (local.modeJs === 'browser'","            ? local.global.utility2_npmtest_horizon","            : global.utility2_moduleExports);","        // export local","        local.global.local = local;","    }());","    switch (local.modeJs) {","","","","    // post-init","    // run browser js-env code - post-init","    /* istanbul ignore next */","    case 'browser':","        local.testRunBrowser = function (event) {","            if (!event || (event &&","                    event.currentTarget &&","                    event.currentTarget.className &&","                    event.currentTarget.className.includes &&","                    event.currentTarget.className.includes('onreset'))) {","                // reset output","                Array.from(","                    document.querySelectorAll('body > .resettable')","                ).forEach(function (element) {","                    switch (element.tagName) {","                    case 'INPUT':","                    case 'TEXTAREA':","                        element.value = '';","                        break;","                    default:","                        element.textContent = '';","                    }","                });","            }","            switch (event && event.currentTarget && event.currentTarget.id) {","            case 'testRunButton1':","                // show tests","                if (document.querySelector('#testReportDiv1').style.display === 'none') {","                    document.querySelector('#testReportDiv1').style.display = 'block';","                    document.querySelector('#testRunButton1').textContent =","                        'hide internal test';","                    local.modeTest = true;","                    local.testRunDefault(local);","                // hide tests","                } else {","                    document.querySelector('#testReportDiv1').style.display = 'none';","                    document.querySelector('#testRunButton1').textContent = 'run internal test';","                }","                break;","            // custom-case","            default:","                break;","            }","            if (document.querySelector('#inputTextareaEval1') && (!event || (event &&","                    event.currentTarget &&","                    event.currentTarget.className &&","                    event.currentTarget.className.includes &&","                    event.currentTarget.className.includes('oneval')))) {","                // try to eval input-code","                try {","                    /*jslint evil: true*/","                    eval(document.querySelector('#inputTextareaEval1').value);","                } catch (errorCaught) {","                    console.error(errorCaught);","                }","            }","        };","        // log stderr and stdout to #outputTextareaStdout1","        ['error', 'log'].forEach(function (key) {","            console[key + '_original'] = console[key];","            console[key] = function () {","                var element;","                console[key + '_original'].apply(console, arguments);","                element = document.querySelector('#outputTextareaStdout1');","                if (!element) {","                    return;","                }","                // append text to #outputTextareaStdout1","                element.value += Array.from(arguments).map(function (arg) {","                    return typeof arg === 'string'","                        ? arg","                        : JSON.stringify(arg, null, 4);","                }).join(' ') + '\\n';","                // scroll textarea to bottom","                element.scrollTop = element.scrollHeight;","            };","        });","        // init event-handling","        ['change', 'click', 'keyup'].forEach(function (event) {","            Array.from(document.querySelectorAll('.on' + event)).forEach(function (element) {","                element.addEventListener(event, local.testRunBrowser);","            });","        });","        // run tests","        local.testRunBrowser();","        break;","","","","    // run node js-env code - post-init","    /* istanbul ignore next */","    case 'node':","        // export local","        module.exports = local;","        // require modules","        local.fs = require('fs');","        local.http = require('http');","        local.url = require('url');","        // init assets","        local.assetsDict = local.assetsDict || {};","        /* jslint-ignore-begin */","        local.assetsDict['/assets.index.template.html'] = '\\","<!doctype html>\\n\\","<html lang=\"en\">\\n\\","<head>\\n\\","<meta charset=\"UTF-8\">\\n\\","<meta name=\"viewport\" content=\"width=device-width, initial-scale=1\">\\n\\","<title>{{env.npm_package_name}} (v{{env.npm_package_version}})</title>\\n\\","<style>\\n\\","/*csslint\\n\\","    box-sizing: false,\\n\\","    universal-selector: false\\n\\","*/\\n\\","* {\\n\\","    box-sizing: border-box;\\n\\","}\\n\\","body {\\n\\","    background: #dde;\\n\\","    font-family: Arial, Helvetica, sans-serif;\\n\\","    margin: 2rem;\\n\\","}\\n\\","body > * {\\n\\","    margin-bottom: 1rem;\\n\\","}\\n\\",".utility2FooterDiv {\\n\\","    margin-top: 20px;\\n\\","    text-align: center;\\n\\","}\\n\\","</style>\\n\\","<style>\\n\\","/*csslint\\n\\","*/\\n\\","textarea {\\n\\","    font-family: monospace;\\n\\","    height: 10rem;\\n\\","    width: 100%;\\n\\","}\\n\\","textarea[readonly] {\\n\\","    background: #ddd;\\n\\","}\\n\\","</style>\\n\\","</head>\\n\\","<body>\\n\\","<!-- utility2-comment\\n\\","<div id=\"ajaxProgressDiv1\" style=\"background: #d00; height: 2px; left: 0; margin: 0; padding: 0; position: fixed; top: 0; transition: background 0.5s, width 1.5s; width: 25%;\"></div>\\n\\","utility2-comment -->\\n\\","<h1>\\n\\","<!-- utility2-comment\\n\\","    <a\\n\\","        {{#if env.npm_package_homepage}}\\n\\","        href=\"{{env.npm_package_homepage}}\"\\n\\","        {{/if env.npm_package_homepage}}\\n\\","        target=\"_blank\"\\n\\","    >\\n\\","utility2-comment -->\\n\\","        {{env.npm_package_name}} (v{{env.npm_package_version}})\\n\\","<!-- utility2-comment\\n\\","    </a>\\n\\","utility2-comment -->\\n\\","</h1>\\n\\","<h3>{{env.npm_package_description}}</h3>\\n\\","<!-- utility2-comment\\n\\","<h4><a download href=\"assets.app.js\">download standalone app</a></h4>\\n\\","<button class=\"onclick onreset\" id=\"testRunButton1\">run internal test</button><br>\\n\\","<div id=\"testReportDiv1\" style=\"display: none;\"></div>\\n\\","utility2-comment -->\\n\\","\\n\\","\\n\\","\\n\\","<label>stderr and stdout</label>\\n\\","<textarea class=\"resettable\" id=\"outputTextareaStdout1\" readonly></textarea>\\n\\","<!-- utility2-comment\\n\\","{{#if isRollup}}\\n\\","<script src=\"assets.app.js\"></script>\\n\\","{{#unless isRollup}}\\n\\","utility2-comment -->\\n\\","<script src=\"assets.utility2.rollup.js\"></script>\\n\\","<script src=\"jsonp.utility2._stateInit?callback=window.utility2._stateInit\"></script>\\n\\","<script src=\"assets.npmtest_horizon.rollup.js\"></script>\\n\\","<script src=\"assets.example.js\"></script>\\n\\","<script src=\"assets.test.js\"></script>\\n\\","<!-- utility2-comment\\n\\","{{/if isRollup}}\\n\\","utility2-comment -->\\n\\","<div class=\"utility2FooterDiv\">\\n\\","    [ this app was created with\\n\\","    <a href=\"https://github.com/kaizhu256/node-utility2\" target=\"_blank\">utility2</a>\\n\\","    ]\\n\\","</div>\\n\\","</body>\\n\\","</html>\\n\\","';","        /* jslint-ignore-end */","        if (local.templateRender) {","            local.assetsDict['/'] = local.templateRender(","                local.assetsDict['/assets.index.template.html'],","                {","                    env: local.objectSetDefault(local.env, {","                        npm_package_description: 'the greatest app in the world!',","                        npm_package_name: 'my-app',","                        npm_package_nameAlias: 'my_app',","                        npm_package_version: '0.0.1'","                    })","                }","            );","        } else {","            local.assetsDict['/'] = local.assetsDict['/assets.index.template.html']","                .replace((/\\{\\{env\\.(\\w+?)\\}\\}/g), function (match0, match1) {","                    // jslint-hack","                    String(match0);","                    switch (match1) {","                    case 'npm_package_description':","                        return 'the greatest app in the world!';","                    case 'npm_package_name':","                        return 'my-app';","                    case 'npm_package_nameAlias':","                        return 'my_app';","                    case 'npm_package_version':","                        return '0.0.1';","                    }","                });","        }","        // run the cli","        if (local.global.utility2_rollup || module !== require.main) {","            break;","        }","        local.assetsDict['/assets.example.js'] =","            local.assetsDict['/assets.example.js'] ||","            local.fs.readFileSync(__filename, 'utf8');","        // bug-workaround - long $npm_package_buildCustomOrg","        /* jslint-ignore-begin */","        local.assetsDict['/assets.npmtest_horizon.rollup.js'] =","            local.assetsDict['/assets.npmtest_horizon.rollup.js'] ||","            local.fs.readFileSync(","                local.npmtest_horizon.__dirname + '/lib.npmtest_horizon.js',","                'utf8'","            ).replace((/^#!/), '//');","        /* jslint-ignore-end */","        local.assetsDict['/favicon.ico'] = local.assetsDict['/favicon.ico'] || '';","        // if $npm_config_timeout_exit exists,","        // then exit this process after $npm_config_timeout_exit ms","        if (Number(process.env.npm_config_timeout_exit)) {","            setTimeout(process.exit, Number(process.env.npm_config_timeout_exit));","        }","        // start server","        if (local.global.utility2_serverHttp1) {","            break;","        }","        process.env.PORT = process.env.PORT || '8081';","        console.error('server starting on port ' + process.env.PORT);","        local.http.createServer(function (request, response) {","            request.urlParsed = local.url.parse(request.url);","            if (local.assetsDict[request.urlParsed.pathname] !== undefined) {","                response.end(local.assetsDict[request.urlParsed.pathname]);","                return;","            }","            response.statusCode = 404;","            response.end();","        }).listen(process.env.PORT);","        break;","    }","}());",""],"l":{"26":2,"28":2,"33":2,"35":2,"37":2,"38":2,"39":2,"44":1,"51":2,"55":2,"59":2,"61":2,"69":1,"70":2,"76":2,"79":2,"82":2,"83":2,"85":1,"89":2,"92":1,"93":1,"94":1,"96":1,"97":1,"100":1,"101":1,"103":1,"106":1,"108":2,"114":1,"116":1,"118":1,"123":1,"124":2,"125":2,"126":3,"127":3,"128":3,"129":3,"130":1,"133":3,"134":3,"139":3,"143":1,"144":3,"145":1,"149":1,"150":1,"158":1,"160":1,"161":1,"162":1,"164":1,"166":1,"258":1,"259":1,"271":1,"274":6,"275":6,"277":1,"279":2,"281":1,"283":2,"288":1,"289":1,"291":1,"296":1,"303":1,"306":1,"307":1,"310":1,"311":1,"313":1,"314":1,"315":1,"316":1,"317":1,"318":1,"319":1,"321":1,"322":1,"324":1}},"/home/travis/build/npmtest/node-npmtest-horizon/node_modules/horizon/src/main.js":{"path":"/home/travis/build/npmtest/node-npmtest-horizon/node_modules/horizon/src/main.js","s":{"1":1,"2":1,"3":1,"4":1,"5":1,"6":1,"7":1,"8":1,"9":1,"10":1,"11":1,"12":1,"13":1,"14":1,"15":1,"16":1,"17":1,"18":7,"19":1,"20":1,"21":1,"22":1,"23":1,"24":1,"25":1,"26":0,"27":0,"28":1,"29":1,"30":1,"31":1,"32":1,"33":1,"34":1,"35":1,"36":1,"37":0,"38":1,"39":1,"40":0,"41":1},"b":{"1":[1,0],"2":[0,1],"3":[1,1,1],"4":[1,0],"5":[1,0],"6":[0,1]},"f":{},"fnMap":{},"statementMap":{"1":{"start":{"line":5,"column":0},"end":{"line":5,"column":26}},"2":{"start":{"line":7,"column":0},"end":{"line":7,"column":31}},"3":{"start":{"line":8,"column":0},"end":{"line":8,"column":29}},"4":{"start":{"line":10,"column":0},"end":{"line":10,"column":38}},"5":{"start":{"line":11,"column":0},"end":{"line":11,"column":40}},"6":{"start":{"line":12,"column":0},"end":{"line":12,"column":44}},"7":{"start":{"line":13,"column":0},"end":{"line":13,"column":51}},"8":{"start":{"line":14,"column":0},"end":{"line":14,"column":42}},"9":{"start":{"line":15,"column":0},"end":{"line":15,"column":49}},"10":{"start":{"line":16,"column":0},"end":{"line":16,"column":44}},"11":{"start":{"line":18,"column":0},"end":{"line":18,"column":48}},"12":{"start":{"line":24,"column":0},"end":{"line":32,"column":2}},"13":{"start":{"line":34,"column":0},"end":{"line":34,"column":51}},"14":{"start":{"line":36,"column":0},"end":{"line":42,"column":2}},"15":{"start":{"line":37,"column":2},"end":{"line":37,"column":60}},"16":{"start":{"line":38,"column":2},"end":{"line":38,"column":40}},"17":{"start":{"line":39,"column":2},"end":{"line":41,"column":4}},"18":{"start":{"line":40,"column":4},"end":{"line":40,"column":66}},"19":{"start":{"line":44,"column":0},"end":{"line":44,"column":38}},"20":{"start":{"line":45,"column":0},"end":{"line":48,"column":1}},"21":{"start":{"line":46,"column":2},"end":{"line":46,"column":9}},"22":{"start":{"line":47,"column":2},"end":{"line":47,"column":18}},"23":{"start":{"line":50,"column":0},"end":{"line":50,"column":27}},"24":{"start":{"line":51,"column":0},"end":{"line":51,"column":33}},"25":{"start":{"line":53,"column":0},"end":{"line":56,"column":1}},"26":{"start":{"line":54,"column":2},"end":{"line":54,"column":9}},"27":{"start":{"line":55,"column":2},"end":{"line":55,"column":18}},"28":{"start":{"line":58,"column":0},"end":{"line":58,"column":34}},"29":{"start":{"line":59,"column":0},"end":{"line":63,"column":1}},"30":{"start":{"line":60,"column":2},"end":{"line":61,"column":60}},"31":{"start":{"line":62,"column":2},"end":{"line":62,"column":18}},"32":{"start":{"line":65,"column":0},"end":{"line":74,"column":2}},"33":{"start":{"line":66,"column":2},"end":{"line":73,"column":3}},"34":{"start":{"line":67,"column":4},"end":{"line":68,"column":61}},"35":{"start":{"line":69,"column":4},"end":{"line":69,"column":42}},"36":{"start":{"line":70,"column":4},"end":{"line":70,"column":20}},"37":{"start":{"line":72,"column":4},"end":{"line":72,"column":20}},"38":{"start":{"line":76,"column":0},"end":{"line":80,"column":1}},"39":{"start":{"line":77,"column":2},"end":{"line":77,"column":54}},"40":{"start":{"line":77,"column":34},"end":{"line":77,"column":40}},"41":{"start":{"line":79,"column":2},"end":{"line":79,"column":12}}},"branchMap":{"1":{"line":45,"type":"if","locations":[{"start":{"line":45,"column":0},"end":{"line":45,"column":0}},{"start":{"line":45,"column":0},"end":{"line":45,"column":0}}]},"2":{"line":53,"type":"if","locations":[{"start":{"line":53,"column":0},"end":{"line":53,"column":0}},{"start":{"line":53,"column":0},"end":{"line":53,"column":0}}]},"3":{"line":53,"type":"binary-expr","locations":[{"start":{"line":53,"column":4},"end":{"line":53,"column":20}},{"start":{"line":53,"column":24},"end":{"line":53,"column":44}},{"start":{"line":53,"column":48},"end":{"line":53,"column":66}}]},"4":{"line":59,"type":"if","locations":[{"start":{"line":59,"column":0},"end":{"line":59,"column":0}},{"start":{"line":59,"column":0},"end":{"line":59,"column":0}}]},"5":{"line":66,"type":"if","locations":[{"start":{"line":66,"column":2},"end":{"line":66,"column":2}},{"start":{"line":66,"column":2},"end":{"line":66,"column":2}}]},"6":{"line":67,"type":"cond-expr","locations":[{"start":{"line":68,"column":12},"end":{"line":68,"column":46}},{"start":{"line":68,"column":49},"end":{"line":68,"column":60}}]}},"code":["//#!/usr/bin/env node","'use strict';","","// To support `pidof horizon`, by default it shows in `pidof node`","process.title = 'horizon';","","const chalk = require('chalk');","const path = require('path');","","const initCommand = require('./init');","const serveCommand = require('./serve');","const versionCommand = require('./version');","const createCertCommand = require('./create-cert');","const schemaCommand = require('./schema');","const makeTokenCommand = require('./make-token');","const migrateCommand = require('./migrate');","","const NiceError = require('./utils/nice_error');","// Mapping from command line strings to modules. To add a new command,","// add an entry in this object, and create a module with the following","// exported:","// - run: main function for the command","// - description: a string to display in the hz help text","const commands = {","  init: initCommand,","  serve: serveCommand,","  version: versionCommand,","  'create-cert': createCertCommand,","  'make-token': makeTokenCommand,","  schema: schemaCommand,","  migrate: migrateCommand,","};","","const programName = path.basename(process.argv[1]);","","const help = () => {","  console.log(`Usage: ${programName} subcommand [args...]`);","  console.log('Available subcommands:');","  Object.keys(commands).forEach((cmdName) =>","    console.log(`  ${cmdName} - ${commands[cmdName].description}`)","  );","};","","const allArgs = process.argv.slice(2);","if (allArgs.length === 0) {","  help();","  process.exit(1);","}","","const cmdName = allArgs[0];","const cmdArgs = allArgs.slice(1);","","if (cmdName === '-h' || cmdName === '--help' || cmdName === 'help') {","  help();","  process.exit(0);","}","","const command = commands[cmdName];","if (!command) {","  console.error(chalk.red.bold(","    `No such subcommand ${cmdName}, run with -h for help`));","  process.exit(1);","}","","const done = (err) => {","  if (err) {","    const errMsg = (err instanceof NiceError) ?","            err.niceString({ contextSize: 2 }) : err.message;","    console.error(chalk.red.bold(errMsg));","    process.exit(1);","  } else {","    process.exit(0);","  }","};","","try {","  command.run(cmdArgs).then(() => done()).catch(done);","} catch (err) {","  done(err);","}",""],"l":{"5":1,"7":1,"8":1,"10":1,"11":1,"12":1,"13":1,"14":1,"15":1,"16":1,"18":1,"24":1,"34":1,"36":1,"37":1,"38":1,"39":1,"40":7,"44":1,"45":1,"46":1,"47":1,"50":1,"51":1,"53":1,"54":0,"55":0,"58":1,"59":1,"60":1,"62":1,"65":1,"66":1,"67":1,"69":1,"70":1,"72":0,"76":1,"77":1,"79":1}},"/home/travis/build/npmtest/node-npmtest-horizon/node_modules/horizon/src/init.js":{"path":"/home/travis/build/npmtest/node-npmtest-horizon/node_modules/horizon/src/init.js","s":{"1":1,"2":1,"3":1,"4":1,"5":1,"6":1,"7":1,"8":0,"9":1,"10":0,"11":1,"12":0,"13":1,"14":0,"15":1,"16":0,"17":1,"18":0,"19":0,"20":0,"21":1,"22":0,"23":0,"24":0,"25":0,"26":1,"27":0,"28":0,"29":0,"30":0,"31":0,"32":0,"33":1,"34":0,"35":0,"36":0,"37":0,"38":0,"39":0,"40":1,"41":0,"42":0,"43":0,"44":0,"45":0,"46":0,"47":0,"48":0,"49":0,"50":0,"51":0,"52":0,"53":0,"54":0,"55":0,"56":0,"57":0,"58":0,"59":0,"60":0,"61":0,"62":0,"63":0,"64":0,"65":0,"66":0,"67":0,"68":0,"69":0,"70":0,"71":1,"72":0,"73":0,"74":0,"75":0,"76":0,"77":0,"78":0,"79":0,"80":0,"81":0,"82":1},"b":{"1":[0,0],"2":[0,0],"3":[0,0],"4":[0,0],"5":[0,0],"6":[0,0],"7":[0,0],"8":[0,0],"9":[0,0],"10":[0,0],"11":[0,0],"12":[0,0],"13":[0,0]},"f":{},"fnMap":{},"statementMap":{"1":{"start":{"line":5,"column":0},"end":{"line":5,"column":25}},"2":{"start":{"line":6,"column":0},"end":{"line":6,"column":33}},"3":{"start":{"line":7,"column":0},"end":{"line":7,"column":35}},"4":{"start":{"line":8,"column":0},"end":{"line":8,"column":37}},"5":{"start":{"line":9,"column":0},"end":{"line":9,"column":63}},"6":{"start":{"line":10,"column":0},"end":{"line":10,"column":43}},"7":{"start":{"line":12,"column":0},"end":{"line":30,"column":2}},"8":{"start":{"line":12,"column":39},"end":{"line":30,"column":1}},"9":{"start":{"line":32,"column":0},"end":{"line":112,"column":2}},"10":{"start":{"line":32,"column":43},"end":{"line":112,"column":1}},"11":{"start":{"line":114,"column":0},"end":{"line":118,"column":2}},"12":{"start":{"line":114,"column":32},"end":{"line":118,"column":1}},"13":{"start":{"line":120,"column":0},"end":{"line":159,"column":2}},"14":{"start":{"line":120,"column":33},"end":{"line":159,"column":1}},"15":{"start":{"line":161,"column":0},"end":{"line":165,"column":2}},"16":{"start":{"line":161,"column":24},"end":{"line":165,"column":1}},"17":{"start":{"line":167,"column":0},"end":{"line":176,"column":2}},"18":{"start":{"line":168,"column":2},"end":{"line":168,"column":66}},"19":{"start":{"line":169,"column":2},"end":{"line":174,"column":4}},"20":{"start":{"line":175,"column":2},"end":{"line":175,"column":32}},"21":{"start":{"line":178,"column":0},"end":{"line":185,"column":2}},"22":{"start":{"line":179,"column":2},"end":{"line":184,"column":3}},"23":{"start":{"line":180,"column":4},"end":{"line":180,"column":26}},"24":{"start":{"line":181,"column":4},"end":{"line":181,"column":16}},"25":{"start":{"line":183,"column":4},"end":{"line":183,"column":17}},"26":{"start":{"line":187,"column":0},"end":{"line":199,"column":2}},"27":{"start":{"line":188,"column":2},"end":{"line":198,"column":3}},"28":{"start":{"line":189,"column":4},"end":{"line":195,"column":5}},"29":{"start":{"line":190,"column":6},"end":{"line":190,"column":28}},"30":{"start":{"line":191,"column":6},"end":{"line":191,"column":63}},"31":{"start":{"line":193,"column":6},"end":{"line":194,"column":60}},"32":{"start":{"line":197,"column":4},"end":{"line":197,"column":66}},"33":{"start":{"line":201,"column":0},"end":{"line":213,"column":2}},"34":{"start":{"line":202,"column":2},"end":{"line":212,"column":3}},"35":{"start":{"line":203,"column":4},"end":{"line":211,"column":5}},"36":{"start":{"line":204,"column":6},"end":{"line":204,"column":29}},"37":{"start":{"line":206,"column":6},"end":{"line":210,"column":7}},"38":{"start":{"line":207,"column":8},"end":{"line":207,"column":58}},"39":{"start":{"line":209,"column":8},"end":{"line":209,"column":71}},"40":{"start":{"line":215,"column":0},"end":{"line":292,"column":2}},"41":{"start":{"line":216,"column":2},"end":{"line":216,"column":47}},"42":{"start":{"line":217,"column":2},"end":{"line":220,"column":3}},"43":{"start":{"line":218,"column":4},"end":{"line":218,"column":24}},"44":{"start":{"line":219,"column":4},"end":{"line":219,"column":52}},"45":{"start":{"line":221,"column":2},"end":{"line":227,"column":3}},"46":{"start":{"line":222,"column":4},"end":{"line":222,"column":25}},"47":{"start":{"line":223,"column":4},"end":{"line":223,"column":53}},"48":{"start":{"line":225,"column":4},"end":{"line":225,"column":71}},"49":{"start":{"line":226,"column":4},"end":{"line":226,"column":62}},"50":{"start":{"line":229,"column":2},"end":{"line":232,"column":3}},"51":{"start":{"line":230,"column":4},"end":{"line":230,"column":24}},"52":{"start":{"line":231,"column":4},"end":{"line":231,"column":52}},"53":{"start":{"line":235,"column":2},"end":{"line":238,"column":4}},"54":{"start":{"line":240,"column":2},"end":{"line":243,"column":4}},"55":{"start":{"line":246,"column":2},"end":{"line":255,"column":3}},"56":{"start":{"line":247,"column":4},"end":{"line":251,"column":6}},"57":{"start":{"line":252,"column":4},"end":{"line":252,"column":49}},"58":{"start":{"line":254,"column":4},"end":{"line":254,"column":64}},"59":{"start":{"line":258,"column":2},"end":{"line":267,"column":3}},"60":{"start":{"line":259,"column":4},"end":{"line":263,"column":6}},"61":{"start":{"line":264,"column":4},"end":{"line":264,"column":54}},"62":{"start":{"line":266,"column":4},"end":{"line":266,"column":69}},"63":{"start":{"line":270,"column":2},"end":{"line":279,"column":3}},"64":{"start":{"line":271,"column":4},"end":{"line":275,"column":6}},"65":{"start":{"line":276,"column":4},"end":{"line":276,"column":54}},"66":{"start":{"line":278,"column":4},"end":{"line":278,"column":69}},"67":{"start":{"line":282,"column":2},"end":{"line":291,"column":3}},"68":{"start":{"line":283,"column":4},"end":{"line":287,"column":6}},"69":{"start":{"line":288,"column":4},"end":{"line":288,"column":55}},"70":{"start":{"line":290,"column":4},"end":{"line":290,"column":70}},"71":{"start":{"line":294,"column":0},"end":{"line":313,"column":7}},"72":{"start":{"line":295,"column":2},"end":{"line":313,"column":6}},"73":{"start":{"line":298,"column":6},"end":{"line":302,"column":8}},"74":{"start":{"line":303,"column":6},"end":{"line":303,"column":44}},"75":{"start":{"line":304,"column":6},"end":{"line":304,"column":36}},"76":{"start":{"line":305,"column":6},"end":{"line":305,"column":36}},"77":{"start":{"line":306,"column":6},"end":{"line":306,"column":40}},"78":{"start":{"line":307,"column":6},"end":{"line":307,"column":39}},"79":{"start":{"line":308,"column":6},"end":{"line":308,"column":26}},"80":{"start":{"line":311,"column":6},"end":{"line":311,"column":73}},"81":{"start":{"line":312,"column":6},"end":{"line":312,"column":66}},"82":{"start":{"line":315,"column":0},"end":{"line":318,"column":2}}},"branchMap":{"1":{"line":188,"type":"if","locations":[{"start":{"line":188,"column":2},"end":{"line":188,"column":2}},{"start":{"line":188,"column":2},"end":{"line":188,"column":2}}]},"2":{"line":202,"type":"if","locations":[{"start":{"line":202,"column":2},"end":{"line":202,"column":2}},{"start":{"line":202,"column":2},"end":{"line":202,"column":2}}]},"3":{"line":206,"type":"if","locations":[{"start":{"line":206,"column":6},"end":{"line":206,"column":6}},{"start":{"line":206,"column":6},"end":{"line":206,"column":6}}]},"4":{"line":216,"type":"cond-expr","locations":[{"start":{"line":216,"column":28},"end":{"line":216,"column":41}},{"start":{"line":216,"column":44},"end":{"line":216,"column":46}}]},"5":{"line":217,"type":"if","locations":[{"start":{"line":217,"column":2},"end":{"line":217,"column":2}},{"start":{"line":217,"column":2},"end":{"line":217,"column":2}}]},"6":{"line":217,"type":"binary-expr","locations":[{"start":{"line":217,"column":6},"end":{"line":217,"column":22}},{"start":{"line":217,"column":26},"end":{"line":217,"column":44}}]},"7":{"line":221,"type":"if","locations":[{"start":{"line":221,"column":2},"end":{"line":221,"column":2}},{"start":{"line":221,"column":2},"end":{"line":221,"column":2}}]},"8":{"line":221,"type":"binary-expr","locations":[{"start":{"line":221,"column":6},"end":{"line":221,"column":22}},{"start":{"line":221,"column":26},"end":{"line":221,"column":45}}]},"9":{"line":229,"type":"if","locations":[{"start":{"line":229,"column":2},"end":{"line":229,"column":2}},{"start":{"line":229,"column":2},"end":{"line":229,"column":2}}]},"10":{"line":246,"type":"if","locations":[{"start":{"line":246,"column":2},"end":{"line":246,"column":2}},{"start":{"line":246,"column":2},"end":{"line":246,"column":2}}]},"11":{"line":258,"type":"if","locations":[{"start":{"line":258,"column":2},"end":{"line":258,"column":2}},{"start":{"line":258,"column":2},"end":{"line":258,"column":2}}]},"12":{"line":270,"type":"if","locations":[{"start":{"line":270,"column":2},"end":{"line":270,"column":2}},{"start":{"line":270,"column":2},"end":{"line":270,"column":2}}]},"13":{"line":282,"type":"if","locations":[{"start":{"line":282,"column":2},"end":{"line":282,"column":2}},{"start":{"line":282,"column":2},"end":{"line":282,"column":2}}]}},"code":["/* global require, module */","","'use strict';","","const fs = require('fs');","const crypto = require('crypto');","const process = require('process');","const argparse = require('argparse');","const checkProjectName = require('./utils/check-project-name');","const rethrow = require('./utils/rethrow');","","const makeIndexHTML = (projectName) => `\\","<!doctype html>","<html>","  <head>","    <meta charset=\"UTF-8\">","    <script src=\"/horizon/horizon.js\"></script>","    <script>","      var horizon = Horizon();","      horizon.onReady(function() {","        document.querySelector('h1').innerHTML = '${projectName} works!'","      });","      horizon.connect();","    </script>","  </head>","  <body>","   <marquee direction=\"left\"><h1></h1></marquee>","  </body>","</html>","`;","","const makeDefaultConfig = (projectName) => `\\","# This is a TOML file","","###############################################################################","# IP options","# 'bind' controls which local interfaces will be listened on","# 'port' controls which port will be listened on","#------------------------------------------------------------------------------","# bind = [ \"localhost\" ]","# port = 8181","","","###############################################################################","# HTTPS Options","# 'secure' will disable HTTPS and use HTTP instead when set to 'false'","# 'key_file' and 'cert_file' are required for serving HTTPS","#------------------------------------------------------------------------------","# secure = true","# key_file = \"horizon-key.pem\"","# cert_file = \"horizon-cert.pem\"","","","###############################################################################","# App Options","# 'project_name' sets the name of the RethinkDB database used to store the","#                application state","# 'serve_static' will serve files from the given directory over HTTP/HTTPS","#------------------------------------------------------------------------------","project_name = \"${projectName}\"","# serve_static = \"dist\"","","","###############################################################################","# Data Options","# WARNING: these should probably not be enabled on a publically accessible","# service.  Tables and indexes are not lightweight objects, and allowing them","# to be created like this could open the service up to denial-of-service","# attacks.","# 'auto_create_collection' creates a collection when one is needed but does not exist","# 'auto_create_index' creates an index when one is needed but does not exist","#------------------------------------------------------------------------------","# auto_create_collection = false","# auto_create_index = false","","","###############################################################################","# RethinkDB Options","# 'connect' and 'start_rethinkdb' are mutually exclusive","# 'connect' will connect to an existing RethinkDB instance","# 'start_rethinkdb' will run an internal RethinkDB instance","# 'rdb_timeout' is the number of seconds to wait when connecting to RethinkDB","#------------------------------------------------------------------------------","# connect = \"localhost:28015\"","# start_rethinkdb = false","# rdb_timeout = 30","","","###############################################################################","# Debug Options","# 'debug' enables debug log statements","#------------------------------------------------------------------------------","# debug = false","","","###############################################################################","# Authentication Options","# Each auth subsection will add an endpoint for authenticating through the","# specified provider.","# 'token_secret' is the key used to sign jwts","# 'allow_anonymous' issues new accounts to users without an auth provider","# 'allow_unauthenticated' allows connections that are not tied to a user id","# 'auth_redirect' specifies where users will be redirected to after login","# 'access_control_allow_origin' sets a host that can access auth settings","#   (typically your frontend host)","#------------------------------------------------------------------------------","# allow_anonymous = false","# allow_unauthenticated = false","# auth_redirect = \"/\"","# access_control_allow_origin = \"\"","#","`;","","const makeDefaultSchema = () => `\\","[groups.admin]","[groups.admin.rules.carte_blanche]","template = \"any()\"","`;","","const makeDefaultSecrets = () => `\\","token_secret = \"${crypto.randomBytes(64).toString('base64')}\"","","###############################################################################","# RethinkDB Options","# 'rdb_user' is the user account to log in with when connecting to RethinkDB","# 'rdb_password' is the password for the user account specified by 'rdb_user'","#------------------------------------------------------------------------------","# rdb_user = 'admin'","# rdb_password = ''","","# [auth.auth0]","# host = \"0000.00.auth0.com\"","# id = \"0000000000000000000000000\"","# secret = \"00000000000000000000000000000000000000000000000000\"","#","# [auth.facebook]","# id = \"000000000000000\"","# secret = \"00000000000000000000000000000000\"","#","# [auth.google]","# id = \"00000000000-00000000000000000000000000000000.apps.googleusercontent.com\"","# secret = \"000000000000000000000000\"","#","# [auth.twitter]","# id = \"0000000000000000000000000\"","# secret = \"00000000000000000000000000000000000000000000000000\"","#","# [auth.github]","# id = \"00000000000000000000\"","# secret = \"0000000000000000000000000000000000000000\"","#","# [auth.twitch]","# id = \"0000000000000000000000000000000\"","# secret = \"0000000000000000000000000000000\"","#","# [auth.slack]","# id = \"0000000000000000000000000000000\"","# secret = \"0000000000000000000000000000000\"","`;","","const gitignore = () => `\\","rethinkdb_data","**/*.log",".hz/secrets.toml","`;","","const parseArguments = (args) => {","  const parser = new argparse.ArgumentParser({ prog: 'hz init' });","  parser.addArgument([ 'projectName' ],","    { action: 'store',","      help: 'Name of directory to create. Defaults to current directory',","      nargs: '?',","    }","  );","  return parser.parseArgs(args);","};","","const fileExists = (pathName) => {","  try {","    fs.statSync(pathName);","    return true;","  } catch (e) {","    return false;","  }","};","","const maybeMakeDir = (createDir, dirName) => {","  if (createDir) {","    try {","      fs.mkdirSync(dirName);","      console.info(`Created new project directory ${dirName}`);","    } catch (e) {","      throw rethrow(e,","        `Couldn't make directory ${dirName}: ${e.message}`);","    }","  } else {","    console.info(`Initializing in existing directory ${dirName}`);","  }","};","","const maybeChdir = (chdirTo) => {","  if (chdirTo) {","    try {","      process.chdir(chdirTo);","    } catch (e) {","      if (e.code === 'ENOTDIR') {","        throw rethrow(e, `${chdirTo} is not a directory`);","      } else {","        throw rethrow(e, `Couldn't chdir to ${chdirTo}: ${e.message}`);","      }","    }","  }","};","","const populateDir = (projectName, dirWasPopulated, chdirTo, dirName) => {","  const niceDir = chdirTo ? `${dirName}/` : '';","  if (!dirWasPopulated && !fileExists('src')) {","    fs.mkdirSync('src');","    console.info(`Created ${niceDir}src directory`);","  }","  if (!dirWasPopulated && !fileExists('dist')) {","    fs.mkdirSync('dist');","    console.info(`Created ${niceDir}dist directory`);","","    fs.appendFileSync('./dist/index.html', makeIndexHTML(projectName));","    console.info(`Created ${niceDir}dist/index.html example`);","  }","","  if (!fileExists('.hz')) {","    fs.mkdirSync('.hz');","    console.info(`Created ${niceDir}.hz directory`);","  }","","  // Default permissions","  const permissionGeneral = {","    encoding: 'utf8',","    mode: 0o666,","  };","","  const permissionSecret = {","    encoding: 'utf8',","    mode: 0o600, // Secrets are put in this config, so set it user, read/write only","  };","","  // Create .gitignore if it doesn't exist","  if (!fileExists('.gitignore')) {","    fs.appendFileSync(","      '.gitignore',","      gitignore(),","      permissionGeneral","    );","    console.info(`Created ${niceDir}.gitignore`);","  } else {","    console.info('.gitignore already exists, not touching it.');","  }","","  // Create .hz/config.toml if it doesn't exist","  if (!fileExists('.hz/config.toml')) {","    fs.appendFileSync(","      '.hz/config.toml',","      makeDefaultConfig(projectName),","      permissionGeneral","    );","    console.info(`Created ${niceDir}.hz/config.toml`);","  } else {","    console.info('.hz/config.toml already exists, not touching it.');","  }","","  // Create .hz/schema.toml if it doesn't exist","  if (!fileExists('.hz/schema.toml')) {","    fs.appendFileSync(","      '.hz/schema.toml',","      makeDefaultSchema(),","      permissionGeneral","    );","    console.info(`Created ${niceDir}.hz/schema.toml`);","  } else {","    console.info('.hz/schema.toml already exists, not touching it.');","  }","","  // Create .hz/secrets.toml if it doesn't exist","  if (!fileExists('.hz/secrets.toml')) {","    fs.appendFileSync(","      '.hz/secrets.toml',","      makeDefaultSecrets(),","      permissionSecret","    );","    console.info(`Created ${niceDir}.hz/secrets.toml`);","  } else {","    console.info('.hz/secrets.toml already exists, not touching it.');","  }","};","","const run = (args) =>","  Promise.resolve(args)","    .then(parseArguments)","    .then((parsed) => {","      const check = checkProjectName(","        parsed.projectName,","        process.cwd(),","        fs.readdirSync('.')","      );","      const projectName = check.projectName;","      const dirName = check.dirName;","      const chdirTo = check.chdirTo;","      const createDir = check.createDir;","      maybeMakeDir(createDir, dirName);","      maybeChdir(chdirTo);","","      // Before we create things, check if the directory is empty","      const dirWasPopulated = fs.readdirSync(process.cwd()).length !== 0;","      populateDir(projectName, dirWasPopulated, chdirTo, dirName);","    });","","module.exports = {","  run,","  description: 'Initialize a horizon app directory',","};",""],"l":{"5":1,"6":1,"7":1,"8":1,"9":1,"10":1,"12":1,"32":1,"114":1,"120":1,"161":1,"167":1,"168":0,"169":0,"175":0,"178":1,"179":0,"180":0,"181":0,"183":0,"187":1,"188":0,"189":0,"190":0,"191":0,"193":0,"197":0,"201":1,"202":0,"203":0,"204":0,"206":0,"207":0,"209":0,"215":1,"216":0,"217":0,"218":0,"219":0,"221":0,"222":0,"223":0,"225":0,"226":0,"229":0,"230":0,"231":0,"235":0,"240":0,"246":0,"247":0,"252":0,"254":0,"258":0,"259":0,"264":0,"266":0,"270":0,"271":0,"276":0,"278":0,"282":0,"283":0,"288":0,"290":0,"294":1,"295":0,"298":0,"303":0,"304":0,"305":0,"306":0,"307":0,"308":0,"311":0,"312":0,"315":1}},"/home/travis/build/npmtest/node-npmtest-horizon/node_modules/horizon/src/utils/check-project-name.js":{"path":"/home/travis/build/npmtest/node-npmtest-horizon/node_modules/horizon/src/utils/check-project-name.js","s":{"1":1,"2":1,"3":1,"4":1,"5":1,"6":1,"7":0,"8":1,"9":0,"10":0,"11":0,"12":0,"13":0,"14":1,"15":0,"16":0,"17":0,"18":0,"19":0,"20":0,"21":0,"22":0,"23":0},"b":{"1":[0,0],"2":[0,0,0],"3":[0,0],"4":[0,0],"5":[0,0],"6":[0,0],"7":[0,0]},"f":{},"fnMap":{},"statementMap":{"1":{"start":{"line":3,"column":0},"end":{"line":3,"column":29}},"2":{"start":{"line":4,"column":0},"end":{"line":4,"column":31}},"3":{"start":{"line":5,"column":0},"end":{"line":5,"column":23}},"4":{"start":{"line":7,"column":0},"end":{"line":7,"column":46}},"5":{"start":{"line":8,"column":0},"end":{"line":8,"column":41}},"6":{"start":{"line":10,"column":0},"end":{"line":10,"column":54}},"7":{"start":{"line":10,"column":30},"end":{"line":10,"column":53}},"8":{"start":{"line":12,"column":0},"end":{"line":22,"column":2}},"9":{"start":{"line":13,"column":2},"end":{"line":21,"column":3}},"10":{"start":{"line":16,"column":4},"end":{"line":16,"column":17}},"11":{"start":{"line":17,"column":9},"end":{"line":21,"column":3}},"12":{"start":{"line":18,"column":4},"end":{"line":18,"column":16}},"13":{"start":{"line":20,"column":4},"end":{"line":20,"column":17}},"14":{"start":{"line":24,"column":0},"end":{"line":44,"column":2}},"15":{"start":{"line":25,"column":2},"end":{"line":26,"column":41}},"16":{"start":{"line":27,"column":2},"end":{"line":27,"column":62}},"17":{"start":{"line":28,"column":2},"end":{"line":32,"column":3}},"18":{"start":{"line":30,"column":4},"end":{"line":30,"column":36}},"19":{"start":{"line":31,"column":4},"end":{"line":31,"column":20}},"20":{"start":{"line":33,"column":2},"end":{"line":43,"column":3}},"21":{"start":{"line":34,"column":4},"end":{"line":39,"column":6}},"22":{"start":{"line":41,"column":4},"end":{"line":41,"column":68}},"23":{"start":{"line":42,"column":4},"end":{"line":42,"column":71}}},"branchMap":{"1":{"line":13,"type":"if","locations":[{"start":{"line":13,"column":2},"end":{"line":13,"column":2}},{"start":{"line":13,"column":2},"end":{"line":13,"column":2}}]},"2":{"line":13,"type":"binary-expr","locations":[{"start":{"line":13,"column":6},"end":{"line":13,"column":29}},{"start":{"line":14,"column":6},"end":{"line":14,"column":29}},{"start":{"line":15,"column":6},"end":{"line":15,"column":47}}]},"3":{"line":17,"type":"if","locations":[{"start":{"line":17,"column":9},"end":{"line":17,"column":9}},{"start":{"line":17,"column":9},"end":{"line":17,"column":9}}]},"4":{"line":25,"type":"cond-expr","locations":[{"start":{"line":26,"column":8},"end":{"line":26,"column":34}},{"start":{"line":26,"column":37},"end":{"line":26,"column":40}}]},"5":{"line":28,"type":"if","locations":[{"start":{"line":28,"column":2},"end":{"line":28,"column":2}},{"start":{"line":28,"column":2},"end":{"line":28,"column":2}}]},"6":{"line":28,"type":"binary-expr","locations":[{"start":{"line":28,"column":6},"end":{"line":28,"column":29}},{"start":{"line":28,"column":33},"end":{"line":28,"column":56}}]},"7":{"line":33,"type":"if","locations":[{"start":{"line":33,"column":2},"end":{"line":33,"column":2
[...]
gument([ 'project_path' ], {","    default: '.',","    nargs: '?',","    help: 'Change to this directory before migrating',","  });","","  parser.addArgument([ '--project-name', '-n' ], {","    help: 'Name of the Horizon project server',","  });","","  parser.addArgument([ '--connect', '-c' ], {","    metavar: 'host:port',","    default: undefined,","    help: 'Host and port of the RethinkDB server to connect to.',","  });","","  parser.addArgument([ '--rdb-user' ], {","    default: 'admin',","    metavar: 'USER',","    help: 'RethinkDB User',","  });","","  parser.addArgument([ '--rdb-password' ], {","    default: undefined,","    metavar: 'PASSWORD',","    help: 'RethinkDB Password',","  });","","  parser.addArgument([ '--start-rethinkdb' ], {","    metavar: 'yes|no',","    default: 'yes',","    constant: 'yes',","    nargs: '?',","    help: 'Start up a RethinkDB server in the current directory',","  });","","  parser.addArgument([ '--skip-backup' ], {","    metavar: 'yes|no',","    default: 'no',","    constant: 'yes',","    nargs: '?',","    help: 'Whether to perform a backup of rethinkdb_data' +","      ' before migrating',","  });","","  parser.addArgument([ '--nonportable-backup' ], {","    metavar: 'yes|no',","    default: 'no',","    constant: 'yes',","    nargs: '?',","    help: 'Allows creating a backup that is not portable, ' +","      \"but doesn't require the RethinkDB Python driver to be \" +","      'installed.',","  });","","  const parsed = parser.parseArgs(cmdArgs);","  const confOptions = config.read_from_config_file(parsed.project_path);","  const envOptions = config.read_from_env();","  config.merge_options(confOptions, envOptions);","  // Pull out the relevant settings from the config file","  const options = {","    project_path: parsed.project_path || '.',","    project_name: parsed.project_name || confOptions.project_name,","    rdb_host: parsed.rdb_host || confOptions.rdb_host || 'localhost',","    rdb_port: parsed.rdb_port || confOptions.rdb_port || 28015,","    rdb_user: parsed.rdb_user || confOptions.rdb_user || 'admin',","    rdb_password: parsed.rdb_password || confOptions.rdb_password || '',","    start_rethinkdb: parse_yes_no_option(parsed.start_rethinkdb),","    skip_backup: parse_yes_no_option(parsed.skip_backup),","    nonportable_backup: parse_yes_no_option(parsed.nonportable_backup),","  };","  // sets rdb_host and rdb_port from connect if necessary","  if (parsed.connect) {","    config.parse_connect(parsed.connect, options);","  }","","  if (options.project_name == null) {","    throw new NiceError('No project_name given', {","      description: `\\","The project_name is needed to migrate from the v1.x format the v.2.0 format. \\","It wasn't passed on the command line or found in your config.`,","      suggestions: [","        'pass the --project-name option to hz migrate',","        'add the \"project_name\" key to your .hz/config.toml',","      ] });","  }","  return options;","}","","function setup() {","  // Start rethinkdb server if necessary","  // Connect to whatever rethinkdb server we're using","  white('Setup');","  return Promise.resolve().then(() => {","    if (this.options.project_path && this.options.project_path !== '.') {","      green(` ├── Changing to directory ${this.options.project_path}`);","      change_to_project_dir(this.options.project_path);","    }","  }).then(() => {","    // start rethinkdb server if necessary","    if (this.options.start_rethinkdb) {","      green(' ├── Starting RethinkDB server');","      return start_rdb_server({ quiet: true }).then((server) => {","        this.rdb_server = server;","        this.options.rdb_host = 'localhost';","        this.options.rdb_port = server.driver_port;","      });","    }","  }).then(() => {","    green(' ├── Connecting to RethinkDB');","    return r.connect({","      host: this.options.rdb_host,","      port: this.options.rdb_port,","      user: this.options.rdb_user,","      password: this.options.rdb_password,","    });","  }).then((conn) => {","    green(' └── Successfully connected');","    this.conn = conn;","  });","}","","function teardown() {","  return Promise.resolve().then(() => {","    white('Cleaning up...');","    // close the rethinkdb connection","    if (this.conn) {","      green(' ├── Closing rethinkdb connection');","      return this.conn.close();","    }","  }).then(() => {","    // shut down the rethinkdb server if we started it","    if (this.rdb_server) {","      green(' └── Shutting down rethinkdb server');","      return this.rdb_server.close();","    }","  });","}","","function validateMigration() {","  // check that `${project}_internal` exists","  const project = this.options.project_name;","  const internalNotFound = `Database named '${project}_internal' wasn't found`;","  const tablesHaveHzPrefix = `Some tables in ${project} have an hz_ prefix`;","  const checkForHzTables = r.db('rethinkdb')","          .table('table_config')","          .filter({ db: project })('name')","          .contains((x) => x.match('^hz_'))","          .branch(r.error(tablesHaveHzPrefix), true);","  const waitForCollections = r.db(`${project}_internal`)","          .table('collections')","          .wait({ timeout: 30 })","          .do(() => r.db(project).tableList())","          .forEach((tableName) =>","            r.db(project).table(tableName).wait({ timeout: 30 })","          );","","  return Promise.resolve().then(() => {","    white('Validating current schema version');","    return r.dbList().contains(`${project}_internal`)","      .branch(true, r.error(internalNotFound))","      .do(() => checkForHzTables)","      .do(() => waitForCollections)","      .run(this.conn)","      .then(() => green(' └── Pre-2.0 schema found'))","      .catch((e) => {","        if (e.msg === internalNotFound) {","          throw new NiceError(e.msg, {","            description: `\\","This could happen if you don't have a Horizon app in this database, or if \\","you've already migrated this database to the v2.0 format.`,","          });","        } else if (e.msg === tablesHaveHzPrefix) {","          throw new NiceError(e.msg, {","            description: `This could happen if you've already migrated \\","this database to the v2.0 format.`,","          });","        } else {","          throw e;","        }","      });","  });","}","","function makeBackup() {","  // shell out to rethinkdb dump","  const rdbHost = this.options.rdb_host;","  const rdbPort = this.options.rdb_port;","","  if (this.options.skip_backup) {","    return Promise.resolve();","  }","","  white('Backing up rethinkdb_data directory');","","  if (this.options.nonportable_backup) {","    return nonportableBackup();","  }","","  return procPromise('rethinkdb', [","    'dump',","    '--connect',","    `${rdbHost}:${rdbPort}`,","  ]).then(() => {","    green(' └── Backup completed');","  }).catch((e) => {","    if (e.message.match(/Python driver/)) {","      throw new NiceError('The RethinkDB Python driver is not installed.', {","        description: `Before we migrate to the v2.0 format, we should do a \\","backup of your RethinkDB database in case anything goes wrong. Unfortunately, \\","we can't use the rethinkdb dump command to do a backup because you don't have \\","the RethinkDB Python driver installed on your system.`,","        suggestions: [","          `Install the Python driver with the instructions found at: \\","http://www.rethinkdb.com/docs/install-drivers/python/`,","          `Pass the --nonportable-backup flag to hz migrate. This flag uses \\","the tar command to make a backup, but the backup is not safe to use on \\","another machine or to create replicas from. This option should not be used \\","if RethinkDB is currently running. It should also not be used if the \\","rethinkdb_data/ directory is not in the current directory.`,","        ] });","    } else {","      throw e;","    }","  });","}","","function nonportableBackup() {","  // Uses tar to do an unsafe backup","  const timestamp = new Date().toISOString().replace(/:/g, '_');","  return procPromise('tar', [","    '-zcvf', // gzip, compress, verbose, filename is...","    `rethinkdb_data.nonportable-backup.${timestamp}.tar.gz`,","    'rethinkdb_data', // directory to back up","  ]).then(() => {","    green(' └── Nonportable backup completed');","  });","}","","function renameUserTables() {","  // for each table listed in ${project}_internal.collections","  // rename the table name to the collection name","  const project = this.options.project_name;","  return Promise.resolve().then(() => {","    white('Removing suffix from user tables');","    return r.db(`${project}_internal`).wait({ timeout: 30 }).","      do(() => r.db(`${project}_internal`).table('collections')","         .forEach((collDoc) => r.db('rethinkdb').table('table_config')","                  .filter({ db: project, name: collDoc('table') })","                  .update({ name: collDoc('id') }))","        ).run(this.conn)","      .then(() => green(' └── Suffixes removed'));","  });","}","","function moveInternalTables() {","  // find project_internal","  // move all tables from ${project}_internal.${table} to ${project}.hz_${table}","  //   - except for users, don't add hz_prefix, but move its db","  const project = this.options.project_name;","  return Promise.resolve().then(() => {","    white(`Moving internal tables from ${project}_internal to ${project}`);","    return r.db('rethinkdb').table('table_config')","      .filter({ db: `${project}_internal` })","      .update((table) => ({","        db: project,","        name: r.branch(","          table('name').ne('users'),","          r('hz_').add(table('name')),","          'users'),","      })).run(this.conn)","      .then(() => green(' ├── Internal tables moved'));","  }).then(() => {","    // delete project_internal","    green(` └── Deleting empty \"${project}_internal\" database`);","    return r.dbDrop(`${project}_internal`).run(this.conn);","  });","}","","function renameIndices() {","  // for each user $table in ${project}","  //    for each index in ${table}","  //        parse the old name into array of field names.","  //        rename to `hz_${JSON.stringify(fields)}`","  const project = this.options.project_name;","  return Promise.resolve().then(() => {","    white('Renaming indices to new JSON format');","    return r.db(project).tableList().forEach((tableName) =>","      r.db(project).table(tableName).indexList().forEach((indexName) =>","        r.db(project).table(tableName)","          .indexRename(indexName, rename(indexName))","      )","    ).run(this.conn)","    .then(() => green(' └── Indices renamed.'));","  });","","  function rename(name) {","    // ReQL to rename the index name to the new format","    const initialState = {","      escaped: false,","      field: '',","      fields: [ ],","    };","    return name.split('')","      .fold(initialState, (acc, c) =>","        r.branch(","          acc('escaped'),","            acc.merge({","              escaped: false,","              field: acc('field').add(c),","            }),","          c.eq('\\\\'),","            acc.merge({ escaped: true }),","          c.eq('_'),","            acc.merge({","              fields: acc('fields').append(acc('field')),","              field: '',","            }),","          acc.merge({ field: acc('field').add(c) })","        )","      ).do((state) =>","          // last field needs to be appended to running list","          state('fields').append(state('field'))","          // wrap each field in an array","          .map((field) => [ field ])","         )","      .toJSON()","      .do((x) => r('hz_').add(x));","  }","}","","function rewriteHzCollectionDocs() {","  // for each document in ${project}.hz_collections","  //   delete the table field","  const project = this.options.project_name;","  return Promise.resolve().then(() => {","    white('Rewriting hz_collections to new format');","    return r.db(project).table('hz_collections')","      .update({ table: r.literal() })","      .run(this.conn);","  }).then(() => green(' ├── \"table\" field removed'))","    .then(() => r.db(project).table('hz_collections')","          .insert({ id: 'users' })","          .run(this.conn))","    .then(() => green(' ├── Added document for \"users\" table'))","    .then(() => r.db(project).table('hz_collections')","          .insert({ id: 'hz_metadata', version: VERSION_2_0 })","          .run(this.conn))","    .then(() => green(' └── Adding the metadata document with schema version:' +","                      `${JSON.stringify(VERSION_2_0)}`));","}","","function exportNewSchema() {","  // Import and run schema save process, giving it a different","  // filename than schema.toml","  const timestamp = new Date().toISOString().replace(/:/g, '_');","  return accessAsync('.hz/schema.toml', fs.R_OK | fs.F_OK)","    .then(() => `.hz/schema.toml.migrated.${timestamp}`)","    .catch(() => '.hz/schema.toml') // if no schema.toml","    .then((schemaFile) => {","      white(`Exporting the new schema to ${schemaFile}`);","      return runSaveCommand({","        rdb_host: this.options.rdb_host,","        rdb_port: this.options.rdb_port,","        rdb_user: this.options.rdb_user,","        rdb_password: this.options.rdb_password,","        out_file: schemaFile,","        project_name: this.options.project_name,","      });","    }).then(() => green(' └── Schema exported'));","}","","module.exports = {","  run,","  description: 'migrate an older version of horizon to a newer one',","};",""],"l":{"2":1,"3":1,"4":1,"5":1,"6":1,"7":1,"8":1,"9":1,"10":1,"11":1,"12":1,"13":1,"14":1,"15":1,"17":1,"19":1,"20":0,"21":0,"22":0,"34":1,"35":0,"36":0,"37":0,"40":1,"41":0,"42":0,"43":0,"46":1,"48":0,"50":0,"56":0,"60":0,"66":0,"72":0,"78":0,"86":0,"95":0,"105":0,"106":0,"107":0,"108":0,"110":0,"122":0,"123":0,"126":0,"127":0,"136":0,"139":1,"142":0,"143":0,"144":0,"145":0,"146":0,"150":0,"151":0,"152":0,"153":0,"154":0,"155":0,"159":0,"160":0,"167":0,"168":0,"172":1,"173":0,"174":0,"176":0,"177":0,"178":0,"182":0,"183":0,"184":0,"189":1,"191":0,"192":0,"193":0,"194":0,"197":0,"199":0,"202":0,"204":0,"207":0,"208":0,"209":0,"211":0,"212":0,"214":0,"216":0,"217":0,"222":0,"223":0,"228":0,"234":1,"236":0,"237":0,"239":0,"240":0,"243":0,"245":0,"246":0,"249":0,"254":0,"256":0,"257":0,"272":0,"277":1,"279":0,"280":0,"285":0,"289":1,"292":0,"293":0,"294":0,"295":0,"296":0,"297":0,"301":0,"305":1,"309":0,"310":0,"311":0,"312":0,"314":0,"321":0,"324":0,"325":0,"329":1,"334":0,"335":0,"336":0,"337":0,"338":0,"339":0,"343":0,"346":1,"348":0,"353":0,"355":0,"372":0,"374":0,"377":0,"381":1,"384":0,"385":0,"386":0,"387":0,"390":0,"391":0,"394":0,"395":0,"398":0,"402":1,"405":0,"406":0,"407":0,"408":0,"410":0,"411":0,"419":0,"422":1}},"/home/travis/build/npmtest/node-npmtest-horizon/node_modules/horizon/src/utils/proc-promise.js":{"path":"/home/travis/build/npmtest/node-npmtest-horizon/node_modules/horizon/src/utils/proc-promise.js","s":{"1":1,"2":1,"3":1,"4":0,"5":0,"6":0,"7":0,"8":0,"9":0,"10":0,"11":0,"12":0,"13":0,"14":0,"15":1},"b":{"1":[0,0]},"f":{"1":0},"fnMap":{"1":{"name":"procPromise","line":5,"loc":{"start":{"line":5,"column":0},"end":{"line":5,"column":23}}}},"statementMap":{"1":{"start":{"line":2,"column":0},"end":{"line":2,"column":36}},"2":{"start":{"line":3,"column":0},"end":{"line":3,"column":46}},"3":{"start":{"line":5,"column":0},"end":{"line":22,"column":1}},"4":{"start":{"line":7,"column":2},"end":{"line":7,"column":53}},"5":{"start":{"line":8,"column":2},"end":{"line":21,"column":5}},"6":{"start":{"line":9,"column":4},"end":{"line":9,"column":62}},"7":{"start":{"line":10,"column":4},"end":{"line":10,"column":36}},"8":{"start":{"line":11,"column":4},"end":{"line":11,"column":36}},"9":{"start":{"line":12,"column":4},"end":{"line":20,"column":7}},"10":{"start":{"line":13,"column":6},"end":{"line":19,"column":7}},"11":{"start":{"line":14,"column":8},"end":{"line":14,"column":22}},"12":{"start":{"line":16,"column":8},"end":{"line":16,"column":50}},"13":{"start":{"line":17,"column":8},"end":{"line":17,"column":28}},"14":{"start":{"line":18,"column":8},"end":{"line":18,"column":20}},"15":{"start":{"line":24,"column":0},"end":{"line":24,"column":29}}},"branchMap":{"1":{"line":13,"type":"if","locations":[{"start":{"line":13,"column":6},"end":{"line":13,"column":6}},{"start":{"line":13,"column":6},"end":{"line":13,"column":6}}]}},"code":["'use strict';","const Promise = require('bluebird');","const childProcess = require('child_process');","","function procPromise() {","  // Takes the same arguments as child_process.spawn","  const args = Array.prototype.slice.call(arguments);","  return new Promise((resolve, reject) => {","    const proc = childProcess.spawn.apply(childProcess, args);","    proc.stderr.setEncoding('utf8');","    proc.stdout.setEncoding('utf8');","    proc.on('exit', (code) => {","      if (code === 0) {","        resolve(proc);","      } else {","        const err = new Error(proc.stderr.read());","        err.exitCode = code;","        reject(err);","      }","    });","  });","}","","module.exports = procPromise;",""],"l":{"2":1,"3":1,"5":1,"7":0,"8":0,"9":0,"10":0,"11":0,"12":0,"13":0,"14":0,"16":0,"17":0,"18":0,"24":1}},"/home/travis/build/npmtest/node-npmtest-horizon/node_modules/horizon/.eslintrc.js":{"path":"/home/travis/build/npmtest/node-npmtest-horizon/node_modules/horizon/.eslintrc.js","s":{"1":1,"2":1,"3":1,"4":1},"b":{},"f":{},"fnMap":{},"statementMap":{"1":{"start":{"line":1,"column":0},"end":{"line":1,"column":14}},"2":{"start":{"line":2,"column":0},"end":{"line":2,"column":15}},"3":{"start":{"line":3,"column":0},"end":{"line":3,"column":16}},"4":{"start":{"line":5,"column":0},"end":{"line":16,"column":2}}},"branchMap":{},"code":["const OFF = 0;","const WARN = 1;","const ERROR = 2;","","module.exports = {","  extends: \"../.eslintrc.js\",","  rules: {","    \"max-len\": [ ERROR, 100 ],","    \"no-invalid-this\": [ OFF ]","  },","  env: {","    \"es6\": true,","    \"node\": true,","    \"mocha\": true,","  },","};",""],"l":{"1":1,"2":1,"3":1,"5":1}},"/home/travis/build/npmtest/node-npmtest-horizon/node_modules/horizon/src/utils/rm_sync_recursive.js":{"path":"/home/travis/build/npmtest/node-npmtest-horizon/node_modules/horizon/src/utils/rm_sync_recursive.js","s":{"1":1,"2":1,"3":1,"4":0,"5":0,"6":0,"7":0,"8":0,"9":0,"10":0,"11":1},"b":{"1":[0,0]},"f":{},"fnMap":{},"statementMap":{"1":{"start":{"line":3,"column":0},"end":{"line":3,"column":25}},"2":{"start":{"line":4,"column":0},"end":{"line":4,"column":29}},"3":{"start":{"line":6,"column":0},"end":{"line":18,"column":2}},"4":{"start":{"line":7,"column":2},"end":{"line":17,"column":36}},"5":{"start":{"line":8,"column":4},"end":{"line":15,"column":7}},"6":{"start":{"line":9,"column":6},"end":{"line":9,"column":45}},"7":{"start":{"line":10,"column":6},"end":{"line":14,"column":7}},"8":{"start":{"line":11,"column":8},"end":{"line":11,"column":38}},"9":{"start":{"line":13,"column":8},"end":{"line":13,"column":33}},"10":{"start":{"line":16,"column":4},"end":{"line":16,"column":22}},"11":{"start":{"line":20,"column":0},"end":{"line":20,"column":36}}},"branchMap":{"1":{"line":10,"type":"if","locations":[{"start":{"line":10,"column":6},"end":{"line":10,"column":6}},{"start":{"line":10,"column":6},"end":{"line":10,"column":6}}]}},"code":["'use strict';","","const fs = require('fs');","const path = require('path');","","const rmdirSyncRecursive = (dir) => {","  try {","    fs.readdirSync(dir).forEach((item) => {","      const full_path = path.join(dir, item);","      if (fs.statSync(full_path).isDirectory()) {","        rmdirSyncRecursive(full_path);","      } else {","        fs.unlinkSync(full_path);","      }","    });","    fs.rmdirSync(dir);","  } catch (err) { /* Do nothing */ }","};","","module.exports = rmdirSyncRecursive;",""],"l":{"3":1,"4":1,"6":1,"7":0,"8":0,"9":0,"10":0,"11":0,"13":0,"16":0,"20":1}}}